
*** Running ngdbuild
    with args -intstyle ise -p xc6slx9tqg144-2 -dd _ngo -uc "mojo_top_0.ucf" "mojo_top_0.edf"


Command Line: C:\Xilinx\14.7\ISE_DS\ISE\bin\nt64\unwrapped\ngdbuild.exe
-intstyle ise -p xc6slx9tqg144-2 -dd _ngo -uc mojo_top_0.ucf mojo_top_0.edf

Executing edif2ngd -quiet "mojo_top_0.edf" "_ngo\mojo_top_0.ngo"
Release 14.7 - edif2ngd P.20131013 (nt64)
Copyright (c) 1995-2013 Xilinx, Inc.  All rights reserved.
Reading NGO file
"C:/Users/Leo/Desktop/mojo/SaveBilly/work/planAhead/SaveBilly/SaveBilly.runs/imp
l_1/_ngo/mojo_top_0.ngo" ...
Gathering constraint information from source properties...
Done.

Annotating constraints to design from ucf file "mojo_top_0.ucf" ...
Resolving constraint associations...
Checking Constraint Associations...
Done...

Checking expanded design ...

Partition Implementation Status
-------------------------------

  No Partitions were found in this design.

-------------------------------

NGDBUILD Design Results Summary:
  Number of errors:     0
  Number of warnings:   0

Writing NGD file "mojo_top_0.ngd" ...
Total REAL time to NGDBUILD completion:  15 sec
Total CPU time to NGDBUILD completion:   4 sec

Writing NGDBUILD log file "mojo_top_0.bld"...

NGDBUILD done.

*** Running map
    with args -intstyle pa -w -pr b -mt on "mojo_top_0.ngd"

Using target part "6slx9tqg144-2".
INFO:Map:284 - Map is running with the multi-threading option on. Map currently
   supports the use of up to 2 processors. Based on the the user options and
   machine load, Map will use 2 processors during this run.
Mapping design into LUTs...
WARNING:MapLib:701 - Signal spi_miso connected to top level port spi_miso has
   been removed.
WARNING:MapLib:701 - Signal spi_channel[0] connected to top level port
   spi_channel(0) has been removed.
WARNING:MapLib:701 - Signal spi_channel[1] connected to top level port
   spi_channel(1) has been removed.
WARNING:MapLib:701 - Signal spi_channel[2] connected to top level port
   spi_channel(2) has been removed.
WARNING:MapLib:701 - Signal spi_channel[3] connected to top level port
   spi_channel(3) has been removed.
WARNING:MapLib:701 - Signal avr_rx connected to top level port avr_rx has been
   removed.
Running directed packing...
Running delay-based LUT packing...
Updating timing models...
INFO:Map:215 - The Interim Design Summary has been generated in the MAP Report
   (.mrp).
Running timing-driven placement...
Total REAL time at the beginning of Placer: 9 secs 
Total CPU  time at the beginning of Placer: 9 secs 

Phase 1.1  Initial Placement Analysis
Phase 1.1  Initial Placement Analysis (Checksum:feb62b29) REAL time: 10 secs 

Phase 2.7  Design Feasibility Check
Phase 2.7  Design Feasibility Check (Checksum:feb62b29) REAL time: 10 secs 

Phase 3.31  Local Placement Optimization
Phase 3.31  Local Placement Optimization (Checksum:feb62b29) REAL time: 10 secs 

Phase 4.2  Initial Placement for Architecture Specific Features

Phase 4.2  Initial Placement for Architecture Specific Features
(Checksum:87bc6539) REAL time: 14 secs 

Phase 5.36  Local Placement Optimization
Phase 5.36  Local Placement Optimization (Checksum:87bc6539) REAL time: 14 secs 

Phase 6.30  Global Clock Region Assignment
Phase 6.30  Global Clock Region Assignment (Checksum:87bc6539) REAL time: 14 secs 

Phase 7.3  Local Placement Optimization
Phase 7.3  Local Placement Optimization (Checksum:87bc6539) REAL time: 14 secs 

Phase 8.5  Local Placement Optimization
Phase 8.5  Local Placement Optimization (Checksum:87bc6539) REAL time: 15 secs 

Phase 9.8  Global Placement
..........................
..........................................................
.........................................................................................................................................................................................................................................................
................................................................................................................................................................................................................................................
........................................................................................................
ERROR:Place:543 - This design does not fit into the number of slices available
   in this device due to the complexity of the design and/or constraints.

   Unplaced instances by type:

     FF    3 (0.3)
     LUTL    252 (4.7)

   Please evaluate the following:

   - If there are user-defined constraints or area groups:
     Please look at the "User-defined constraints" section below to determine
     what constraints might be impacting the fitting of this design.
     Evaluate if they can be moved, removed or resized to allow for fitting.
     Verify that they do not overlap or conflict with clock region restrictions.
     See the clock region reports in the MAP log file (*map) for more details
     on clock region usage.

   - If there is difficulty in placing LUTs:
     Try using the MAP LUT Combining Option (map lc area|auto|off).

   - If there is difficulty in placing FFs:
     Evaluate the number and configuration of the control sets in your design.

   The following instances are the last set of instances that failed to place:

   0. Placer RPM "carry chain" (size: 12)
      LUTL simplemode/Mcompar_M_mother_pos[15]_M_billy_pos[15]_equal_45_o_cy[3]
      LUTL simplemode/Mcompar_M_mother_pos[15]_M_billy_pos[15]_equal_45_o_lut<3>
      LUTL simplemode/Mcompar_M_mother_pos[15]_M_billy_pos[15]_equal_45_o_cy[3]
      LUTL simplemode/Mcompar_M_mother_pos[15]_M_billy_pos[15]_equal_45_o_lut<2>
      LUTL simplemode/Mcompar_M_mother_pos[15]_M_billy_pos[15]_equal_45_o_cy[3]
      LUTL simplemode/Mcompar_M_mother_pos[15]_M_billy_pos[15]_equal_45_o_lut<1>
      LUTL simplemode/Mcompar_M_mother_pos[15]_M_billy_pos[15]_equal_45_o_cy[3]
      LUTL simplemode/Mcompar_M_mother_pos[15]_M_billy_pos[15]_equal_45_o_lut<0>
      LUTL simplemode/M_testhard_motherpos[0]_32.B5LUT
      LUTL simplemode/Mcompar_M_mother_pos[15]_M_billy_pos[15]_equal_45_o_lut<5>
      LUTL simplemode/M_mother_pos[15]_M_billy_pos[15]_equal_45_o
      LUTL simplemode/Mcompar_M_mother_pos[15]_M_billy_pos[15]_equal_45_o_lut<4>
   1. Placer RPM "carry chain" (size: 12)
      LUTL hardmode/Mcompar_M_mother_pos[15]_M_billy_pos[15]_equal_141_o_cy[3]
      LUTL hardmode/Mcompar_M_mother_pos[15]_M_billy_pos[15]_equal_141_o_lut<3>
      LUTL hardmode/Mcompar_M_mother_pos[15]_M_billy_pos[15]_equal_141_o_cy[3]
      LUTL hardmode/Mcompar_M_mother_pos[15]_M_billy_pos[15]_equal_141_o_lut<2>
      LUTL hardmode/Mcompar_M_mother_pos[15]_M_billy_pos[15]_equal_141_o_cy[3]
      LUTL hardmode/Mcompar_M_mother_pos[15]_M_billy_pos[15]_equal_141_o_lut<1>
      LUTL hardmode/Mcompar_M_mother_pos[15]_M_billy_pos[15]_equal_141_o_cy[3]
      LUTL hardmode/Mcompar_M_mother_pos[15]_M_billy_pos[15]_equal_141_o_lut<0>
      LUTL hardmode/M_testhard_motherpos[0]_53.B5LUT
      LUTL hardmode/Mcompar_M_mother_pos[15]_M_billy_pos[15]_equal_141_o_lut<5>
      LUTL hardmode/M_mother_pos[15]_M_billy_pos[15]_equal_141_o
      LUTL hardmode/Mcompar_M_mother_pos[15]_M_billy_pos[15]_equal_141_o_lut<4>
   2. Placer RPM "carry chain" (size: 10)
      LUTL alu/division/a[15]_b[15]_div_13/M_testhard_motherpos[0].D5LUT
      LUTL alu/division/a[15]_b[15]_div_13/Mcompar_o<10>_lut<3>
      LUTL alu/division/a[15]_b[15]_div_13/Mcompar_o<10>_lutdi2
      LUTL alu/division/a[15]_b[15]_div_13/Mcompar_o<10>_lut<2>
      LUTL alu/division/a[15]_b[15]_div_13/Mcompar_o<10>_lutdi1
      LUTL alu/division/a[15]_b[15]_div_13/Mcompar_o<10>_lut<1>
      LUTL alu/division/a[15]_b[15]_div_13/Mcompar_o<10>_lutdi
      LUTL alu/division/a[15]_b[15]_div_13/Mcompar_o<10>_lut<0>
      LUTL alu/division/a[15]_b[15]_div_13/M_testhard_motherpos[0]_2.A5LUT
      LUTL alu/division/a[15]_b[15]_div_13/Mcompar_o<10>_lut<4>
   3. Placer RPM "carry chain" (size: 10)
      LUTL alu/division/a[15]_b[15]_div_13/M_testhard_motherpos[0]_10.D5LUT
      LUTL alu/division/a[15]_b[15]_div_13/Mcompar_o<11>_lut<3>
      LUTL alu/division/a[15]_b[15]_div_13/Mcompar_o<11>_lutdi2
      LUTL alu/division/a[15]_b[15]_div_13/Mcompar_o<11>_lut<2>
      LUTL alu/division/a[15]_b[15]_div_13/Mcompar_o<11>_lutdi1
      LUTL alu/division/a[15]_b[15]_div_13/Mcompar_o<11>_lut<1>
      LUTL alu/division/a[15]_b[15]_div_13/Mcompar_o<11>_lutdi
      LUTL alu/division/a[15]_b[15]_div_13/Mcompar_o<11>_lut<0>
      LUTL alu/division/a[15]_b[15]_div_13/M_testhard_motherpos[0]_11.A5LUT
      LUTL alu/division/a[15]_b[15]_div_13/Mcompar_o<11>_lut<4>
   4. Placer RPM "carry chain" (size: 10)
      LUTL alu/division/a[15]_b[15]_div_13/M_testhard_motherpos[0]_5.D5LUT
      LUTL alu/division/a[15]_b[15]_div_13/Mcompar_o<12>_lut<3>
      LUTL alu/division/a[15]_b[15]_div_13/M_testhard_motherpos[0]_4.C5LUT
      LUTL alu/division/a[15]_b[15]_div_13/Mcompar_o<12>_lut<2>
      LUTL alu/division/a[15]_b[15]_div_13/Mcompar_o<12>_lutdi1
      LUTL alu/division/a[15]_b[15]_div_13/Mcompar_o<12>_lut<1>
      LUTL alu/division/a[15]_b[15]_div_13/Mcompar_o<12>_lutdi
      LUTL alu/division/a[15]_b[15]_div_13/Mcompar_o<12>_lut<0>
      LUTL alu/division/a[15]_b[15]_div_13/M_testhard_motherpos[0]_6.A5LUT
      LUTL alu/division/a[15]_b[15]_div_13/Mcompar_o<12>_lut<4>_INV_0
   5. Placer RPM "carry chain" (size: 12)
      LUTL
   testhard/M_b_readvalue[15]_M_c_readvalue[15]_div_1/Mcompar_o<10>_cy[3]
      LUTL
   testhard/M_b_readvalue[15]_M_c_readvalue[15]_div_1/Mcompar_o<10>_lut[3]_5.D6L
   UT
      LUTL
   testhard/M_b_readvalue[15]_M_c_readvalue[15]_div_1/Mcompar_o<10>_lutdi21
      LUTL
   testhard/M_b_readvalue[15]_M_c_readvalue[15]_div_1/Mcompar_o<10>_lut<2>1
      LUTL
   testhard/M_b_readvalue[15]_M_c_readvalue[15]_div_1/Mcompar_o<10>_lutdi1
      LUTL
   testhard/M_b_readvalue[15]_M_c_readvalue[15]_div_1/Mcompar_o<10>_lut<1>
      LUTL
   testhard/M_b_readvalue[15]_M_c_readvalue[15]_div_1/Mcompar_o<10>_lutdi
      LUTL
   testhard/M_b_readvalue[15]_M_c_readvalue[15]_div_1/Mcompar_o<10>_lut<0>
      LUTL
   testhard/M_b_readvalue[15]_M_c_readvalue[15]_div_1/M_testhard_motherpos[0]_11
   .B5LUT
      LUTL
   testhard/M_b_readvalue[15]_M_c_readvalue[15]_div_1/GND_14_o_b[15]_add_13_OUT[
   10]_rt
      LUTL
   testhard/M_b_readvalue[15]_M_c_readvalue[15]_div_1/a[10]_GND_14_o_MUX_568_o
      LUTL
   testhard/M_b_readvalue[15]_M_c_readvalue[15]_div_1/Mcompar_o<10>_lut[3]_6.A6L
   UT
   6. Placer RPM "carry chain" (size: 12)
      LUTL
   hardmode/M_b_readvalue[15]_M_c_readvalue[15]_div_2/Mcompar_o<10>_cy[3]
      LUTL
   hardmode/M_b_readvalue[15]_M_c_readvalue[15]_div_2/Mcompar_o<10>_lut[3]_5.D6L
   UT
      LUTL
   hardmode/M_b_readvalue[15]_M_c_readvalue[15]_div_2/Mcompar_o<10>_lutdi21
      LUTL
   hardmode/M_b_readvalue[15]_M_c_readvalue[15]_div_2/Mcompar_o<10>_lut<2>1
      LUTL
   hardmode/M_b_readvalue[15]_M_c_readvalue[15]_div_2/Mcompar_o<10>_lutdi1
      LUTL
   hardmode/M_b_readvalue[15]_M_c_readvalue[15]_div_2/Mcompar_o<10>_lut<1>
      LUTL
   hardmode/M_b_readvalue[15]_M_c_readvalue[15]_div_2/Mcompar_o<10>_lutdi
      LUTL
   hardmode/M_b_readvalue[15]_M_c_readvalue[15]_div_2/Mcompar_o<10>_lut<0>
      LUTL
   hardmode/M_b_readvalue[15]_M_c_readvalue[15]_div_2/M_testhard_motherpos[0]_11
   .B5LUT
      LUTL
   hardmode/M_b_readvalue[15]_M_c_readvalue[15]_div_2/GND_14_o_b[15]_add_13_OUT[
   10]_rt
      LUTL
   hardmode/M_b_readvalue[15]_M_c_readvalue[15]_div_2/a[10]_GND_14_o_MUX_568_o
      LUTL
   hardmode/M_b_readvalue[15]_M_c_readvalue[15]_div_2/Mcompar_o<10>_lut[3]_6.A6L
   UT
   7. Placer RPM "carry chain" (size: 12)
      LUTL
   hardmode/M_a_readvalue[15]_M_b_readvalue[15]_div_1/Mcompar_o<10>_cy[3]
      LUTL
   hardmode/M_a_readvalue[15]_M_b_readvalue[15]_div_1/Mcompar_o<10>_lut[3]_5.D6L
   UT
      LUTL
   hardmode/M_a_readvalue[15]_M_b_readvalue[15]_div_1/Mcompar_o<10>_lutdi21
      LUTL
   hardmode/M_a_readvalue[15]_M_b_readvalue[15]_div_1/Mcompar_o<10>_lut<2>1
      LUTL
   hardmode/M_a_readvalue[15]_M_b_readvalue[15]_div_1/Mcompar_o<10>_lutdi1
      LUTL
   hardmode/M_a_readvalue[15]_M_b_readvalue[15]_div_1/Mcompar_o<10>_lut<1>
      LUTL
   hardmode/M_a_readvalue[15]_M_b_readvalue[15]_div_1/Mcompar_o<10>_lutdi
      LUTL
   hardmode/M_a_readvalue[15]_M_b_readvalue[15]_div_1/Mcompar_o<10>_lut<0>
      LUTL
   hardmode/M_a_readvalue[15]_M_b_readvalue[15]_div_1/M_testhard_motherpos[0]_11
   .B5LUT
      LUTL
   hardmode/M_a_readvalue[15]_M_b_readvalue[15]_div_1/GND_14_o_b[15]_add_13_OUT[
   10]_rt
      LUTL
   hardmode/M_a_readvalue[15]_M_b_readvalue[15]_div_1/a[10]_GND_14_o_MUX_568_o
      LUTL
   hardmode/M_a_readvalue[15]_M_b_readvalue[15]_div_1/Mcompar_o<10>_lut[3]_6.A6L
   UT
   8. Placer RPM "carry chain" (size: 11)
      LUTL
   hardmode/M_temp_readvalue[15]_M_c_readvalue[15]_div_3/Mcompar_o<10>_cy[3]
      LUTL
   hardmode/M_temp_readvalue[15]_M_c_readvalue[15]_div_3/Mcompar_o<10>_lut[3]_5.
   D6LUT
      LUTL
   hardmode/M_temp_readvalue[15]_M_c_readvalue[15]_div_3/Mcompar_o<10>_lutdi21
      LUTL
   hardmode/M_temp_readvalue[15]_M_c_readvalue[15]_div_3/Mcompar_o<10>_lut<2>1
      LUTL
   hardmode/M_temp_readvalue[15]_M_c_readvalue[15]_div_3/Mcompar_o<10>_lutdi1
      LUTL
   hardmode/M_temp_readvalue[15]_M_c_readvalue[15]_div_3/Mcompar_o<10>_lut<1>
      LUTL
   hardmode/M_temp_readvalue[15]_M_c_readvalue[15]_div_3/Mcompar_o<10>_lutdi
      LUTL
   hardmode/M_temp_readvalue[15]_M_c_readvalue[15]_div_3/Mcompar_o<10>_lut<0>
      LUTL M_reg_q_10_0
      LUTL
   hardmode/M_temp_readvalue[15]_M_c_readvalue[15]_div_3/Mcompar_o<10>_lut[3]_6.
   A6LUT
      FF hardmode/divoutput3/M_reg_q_10
   9. Placer RPM "carry chain" (size: 11)
      LUTL
   hardmode/M_temp_readvalue[15]_M_c_readvalue[15]_div_3/Mcompar_o<11>_cy[3]
      LUTL
   hardmode/M_temp_readvalue[15]_M_c_readvalue[15]_div_3/Mcompar_o<10>_lut[3]_34
   .D6LUT
      LUTL
   hardmode/M_temp_readvalue[15]_M_c_readvalue[15]_div_3/Mcompar_o<11>_cy[3]
      LUTL
   hardmode/M_temp_readvalue[15]_M_c_readvalue[15]_div_3/Mcompar_o<11>_lut<2>1
      LUTL
   hardmode/M_temp_readvalue[15]_M_c_readvalue[15]_div_3/Mcompar_o<11>_lutdi1
      LUTL
   hardmode/M_temp_readvalue[15]_M_c_readvalue[15]_div_3/Mcompar_o<11>_lut<1>
      LUTL
   hardmode/M_temp_readvalue[15]_M_c_readvalue[15]_div_3/Mcompar_o<11>_lutdi
      LUTL
   hardmode/M_temp_readvalue[15]_M_c_readvalue[15]_div_3/Mcompar_o<11>_lut<0>
      LUTL hardmode/M_divoutput3_readvalue[11]
      LUTL
   hardmode/M_temp_readvalue[15]_M_c_readvalue[15]_div_3/Mcompar_o<10>_lut[3]_35
   .A6LUT
      FF hardmode/divoutput3/M_reg_q_11
   10. Placer RPM "carry chain" (size: 11)
       LUTL
   hardmode/M_temp_readvalue[15]_M_c_readvalue[15]_div_3/Mcompar_o<12>_cy[3]
       LUTL
   hardmode/M_temp_readvalue[15]_M_c_readvalue[15]_div_3/Mcompar_o<10>_lut[3]_14
   .D6LUT
       LUTL
   hardmode/M_temp_readvalue[15]_M_c_readvalue[15]_div_3/Mcompar_o<12>_cy[3]
       LUTL
   hardmode/M_temp_readvalue[15]_M_c_readvalue[15]_div_3/Mcompar_o<10>_lut[3]_13
   .C6LUT
       LUTL
   hardmode/M_temp_readvalue[15]_M_c_readvalue[15]_div_3/Mcompar_o<12>_lutdi1
       LUTL
   hardmode/M_temp_readvalue[15]_M_c_readvalue[15]_div_3/Mcompar_o<12>_lut<1>
       LUTL
   hardmode/M_temp_readvalue[15]_M_c_readvalue[15]_div_3/Mcompar_o<12>_lutdi
       LUTL
   hardmode/M_temp_readvalue[15]_M_c_readvalue[15]_div_3/Mcompar_o<12>_lut<0>
       LUTL M_reg_q_12_0
       LUTL
   hardmode/M_temp_readvalue[15]_M_c_readvalue[15]_div_3/Mcompar_o<10>_lut[3]_15
   .A6LUT
       FF hardmode/divoutput3/M_reg_q_12
   11. Placer RPM "carry chain" (size: 10)
       LUTL
   testhard/M_a_readvalue[15]_M_temp_readvalue[15]_div_2/M_testhard_motherpos[0]
   _3.D5LUT
       LUTL
   testhard/M_a_readvalue[15]_M_temp_readvalue[15]_div_2/Mcompar_o<10>_lut<3>
       LUTL
   testhard/M_a_readvalue[15]_M_temp_readvalue[15]_div_2/Mcompar_o<10>_lutdi2
       LUTL
   testhard/M_a_readvalue[15]_M_temp_readvalue[15]_div_2/Mcompar_o<10>_lut<2>
       LUTL
   testhard/M_a_readvalue[15]_M_temp_readvalue[15]_div_2/Mcompar_o<10>_lutdi1
       LUTL
   testhard/M_a_readvalue[15]_M_temp_readvalue[15]_div_2/Mcompar_o<10>_lut<1>
       LUTL
   testhard/M_a_readvalue[15]_M_temp_readvalue[15]_div_2/Mcompar_o<10>_lutdi
       LUTL
   testhard/M_a_readvalue[15]_M_temp_readvalue[15]_div_2/Mcompar_o<10>_lut<0>
       LUTL
   testhard/M_a_readvalue[15]_M_temp_readvalue[15]_div_2/M_testhard_motherpos[0]
   _4.A5LUT
       LUTL
   testhard/M_a_readvalue[15]_M_temp_readvalue[15]_div_2/Mcompar_o<10>_lut<4>
   12. Placer RPM "carry chain" (size: 10)
       LUTL
   testhard/M_a_readvalue[15]_M_temp_readvalue[15]_div_2/M_testhard_motherpos[0]
   _19.D5LUT
       LUTL
   testhard/M_a_readvalue[15]_M_temp_readvalue[15]_div_2/Mcompar_o<11>_lut<3>
       LUTL
   testhard/M_a_readvalue[15]_M_temp_readvalue[15]_div_2/Mcompar_o<11>_lutdi2
       LUTL
   testhard/M_a_readvalue[15]_M_temp_readvalue[15]_div_2/Mcompar_o<11>_lut<2>
       LUTL
   testhard/M_a_readvalue[15]_M_temp_readvalue[15]_div_2/Mcompar_o<11>_lutdi1
       LUTL
   testhard/M_a_readvalue[15]_M_temp_readvalue[15]_div_2/Mcompar_o<11>_lut<1>
       LUTL
   testhard/M_a_readvalue[15]_M_temp_readvalue[15]_div_2/Mcompar_o<11>_lutdi
       LUTL
   testhard/M_a_readvalue[15]_M_temp_readvalue[15]_div_2/Mcompar_o<11>_lut<0>
       LUTL
   testhard/M_a_readvalue[15]_M_temp_readvalue[15]_div_2/M_testhard_motherpos[0]
   _20.A5LUT
       LUTL
   testhard/M_a_readvalue[15]_M_temp_readvalue[15]_div_2/Mcompar_o<11>_lut<4>
   13. Placer RPM "carry chain" (size: 10)
       LUTL
   testhard/M_a_readvalue[15]_M_temp_readvalue[15]_div_2/M_testhard_motherpos[0]
   _10.D5LUT
       LUTL
   testhard/M_a_readvalue[15]_M_temp_readvalue[15]_div_2/Mcompar_o<12>_lut<3>
       LUTL
   testhard/M_a_readvalue[15]_M_temp_readvalue[15]_div_2/M_testhard_motherpos[0]
   _9.C5LUT
       LUTL
   testhard/M_a_readvalue[15]_M_temp_readvalue[15]_div_2/Mcompar_o<12>_lut<2>
       LUTL
   testhard/M_a_readvalue[15]_M_temp_readvalue[15]_div_2/M_testhard_motherpos[0]
   _8.B5LUT
       LUTL
   testhard/M_a_readvalue[15]_M_temp_readvalue[15]_div_2/Mcompar_o<12>_lut<1>1
       LUTL
   testhard/M_a_readvalue[15]_M_temp_readvalue[15]_div_2/M_testhard_motherpos[0]
   _7.A5LUT
       LUTL
   testhard/M_a_readvalue[15]_M_temp_readvalue[15]_div_2/Mcompar_o<12>_lut<0>1
       LUTL
   testhard/M_a_readvalue[15]_M_temp_readvalue[15]_div_2/M_testhard_motherpos[0]
   _11.A5LUT
       LUTL
   testhard/M_a_readvalue[15]_M_temp_readvalue[15]_div_2/Mcompar_o<12>_lut<4>_IN
   V_0
   14. Placer RPM "carry chain" (size: 12)
       LUTL
   hardmode/M_b_readvalue[15]_M_c_readvalue[15]_div_2/Mcompar_o<12>_cy[3]
       LUTL
   hardmode/M_b_readvalue[15]_M_c_readvalue[15]_div_2/Mcompar_o<10>_lut[3]_15.D6
   LUT
       LUTL
   hardmode/M_b_readvalue[15]_M_c_readvalue[15]_div_2/Mcompar_o<12>_cy[3]
       LUTL
   hardmode/M_b_readvalue[15]_M_c_readvalue[15]_div_2/Mcompar_o<10>_lut[3]_14.C6
   LUT
       LUTL
   hardmode/M_b_readvalue[15]_M_c_readvalue[15]_div_2/M_testhard_motherpos[0]_9.
   B5LUT
       LUTL
   hardmode/M_b_readvalue[15]_M_c_readvalue[15]_div_2/Mcompar_o<12>_lut<1>1
       LUTL
   hardmode/M_b_readvalue[15]_M_c_readvalue[15]_div_2/M_testhard_motherpos[0]_8.
   A5LUT
       LUTL
   hardmode/M_b_readvalue[15]_M_c_readvalue[15]_div_2/Mcompar_o<12>_lut<0>1
       LUTL
   hardmode/M_b_readvalue[15]_M_c_readvalue[15]_div_2/M_testhard_motherpos[0]_18
   .B5LUT
       LUTL M_reg_q_0_9_rt.1
       LUTL
   hardmode/M_b_readvalue[15]_M_c_readvalue[15]_div_2/a[12]_GND_14_o_MUX_460_o
       LUTL
   hardmode/M_b_readvalue[15]_M_c_readvalue[15]_div_2/Mcompar_o<10>_lut[3]_16.A6
   LUT
   15. Placer RPM "carry chain" (size: 10)
       LUTL alu/division/a[15]_b[15]_div_14/M_testhard_motherpos[0]_2.D5LUT
       LUTL alu/division/a[15]_b[15]_div_14/Mcompar_o<10>_lut<3>
       LUTL alu/division/a[15]_b[15]_div_14/Mcompar_o<10>_lutdi2
       LUTL alu/division/a[15]_b[15]_div_14/Mcompar_o<10>_lut<2>
       LUTL alu/division/a[15]_b[15]_div_14/Mcompar_o<10>_lutdi1
       LUTL alu/division/a[15]_b[15]_div_14/Mcompar_o<10>_lut<1>
       LUTL alu/division/a[15]_b[15]_div_14/Mcompar_o<10>_lutdi
       LUTL alu/division/a[15]_b[15]_div_14/Mcompar_o<10>_lut<0>
       LUTL alu/division/a[15]_b[15]_div_14/M_testhard_motherpos[0]_3.A5LUT
       LUTL alu/division/a[15]_b[15]_div_14/Mcompar_o<10>_lut<4>
   16. Placer RPM "carry chain" (size: 12)
       LUTL
   testsimple/M_a_readvalue[15]_M_b_readvalue[15]_div_1/Mcompar_o<12>_cy[3]
       LUTL
   testsimple/M_a_readvalue[15]_M_b_readvalue[15]_div_1/Mcompar_o<10>_lut[3]_15.
   D6LUT
       LUTL
   testsimple/M_a_readvalue[15]_M_b_readvalue[15]_div_1/Mcompar_o<12>_cy[3]
       LUTL
   testsimple/M_a_readvalue[15]_M_b_readvalue[15]_div_1/Mcompar_o<10>_lut[3]_14.
   C6LUT
       LUTL
   testsimple/M_a_readvalue[15]_M_b_readvalue[15]_div_1/M_testhard_motherpos[0]_
   9.B5LUT
       LUTL
   testsimple/M_a_readvalue[15]_M_b_readvalue[15]_div_1/Mcompar_o<12>_lut<1>1_IN
   V_0
       LUTL
   testsimple/M_a_readvalue[15]_M_b_readvalue[15]_div_1/M_testhard_motherpos[0]_
   8.A5LUT
       LUTL
   testsimple/M_a_readvalue[15]_M_b_readvalue[15]_div_1/Mcompar_o<12>_lut<0>1
       LUTL
   testsimple/M_a_readvalue[15]_M_b_readvalue[15]_div_1/M_testhard_motherpos[0]_
   18.B5LUT
       LUTL M_reg_q_0_15_rt.1
       LUTL
   testsimple/M_a_readvalue[15]_M_b_readvalue[15]_div_1/a[12]_GND_14_o_MUX_460_o
       LUTL
   testsimple/M_a_readvalue[15]_M_b_readvalue[15]_div_1/Mcompar_o<10>_lut[3]_16.
   A6LUT
   17. Placer RPM "carry chain" (size: 12)
       LUTL
   simplemode/M_a_readvalue[15]_M_b_readvalue[15]_div_1/Mcompar_o<12>_cy[3]
       LUTL
   simplemode/M_a_readvalue[15]_M_b_readvalue[15]_div_1/Mcompar_o<10>_lut[3]_15.
   D6LUT
       LUTL
   simplemode/M_a_readvalue[15]_M_b_readvalue[15]_div_1/Mcompar_o<12>_cy[3]
       LUTL
   simplemode/M_a_readvalue[15]_M_b_readvalue[15]_div_1/Mcompar_o<10>_lut[3]_14.
   C6LUT
       LUTL
   simplemode/M_a_readvalue[15]_M_b_readvalue[15]_div_1/M_testhard_motherpos[0]_
   9.B5LUT
       LUTL
   simplemode/M_a_readvalue[15]_M_b_readvalue[15]_div_1/Mcompar_o<12>_lut<1>1_IN
   V_0
       LUTL
   simplemode/M_a_readvalue[15]_M_b_readvalue[15]_div_1/M_testhard_motherpos[0]_
   8.A5LUT
       LUTL
   simplemode/M_a_readvalue[15]_M_b_readvalue[15]_div_1/Mcompar_o<12>_lut<0>1
       LUTL
   simplemode/M_a_readvalue[15]_M_b_readvalue[15]_div_1/M_testhard_motherpos[0]_
   18.B5LUT
       LUTL M_reg_q_0_2_rt.1
       LUTL
   simplemode/M_a_readvalue[15]_M_b_readvalue[15]_div_1/a[12]_GND_14_o_MUX_460_o
       LUTL
   simplemode/M_a_readvalue[15]_M_b_readvalue[15]_div_1/Mcompar_o<10>_lut[3]_16.
   A6LUT
   18. Placer RPM "carry chain" (size: 12)
       LUTL
   testhard/M_b_readvalue[15]_M_c_readvalue[15]_div_1/Mcompar_o<12>_cy[3]
       LUTL
   testhard/M_b_readvalue[15]_M_c_readvalue[15]_div_1/Mcompar_o<10>_lut[3]_15.D6
   LUT
       LUTL
   testhard/M_b_readvalue[15]_M_c_readvalue[15]_div_1/Mcompar_o<12>_cy[3]
       LUTL
   testhard/M_b_readvalue[15]_M_c_readvalue[15]_div_1/Mcompar_o<10>_lut[3]_14.C6
   LUT
       LUTL
   testhard/M_b_readvalue[15]_M_c_readvalue[15]_div_1/M_testhard_motherpos[0]_9.
   B5LUT
       LUTL
   testhard/M_b_readvalue[15]_M_c_readvalue[15]_div_1/Mcompar_o<12>_lut<1>1
       LUTL
   testhard/M_b_readvalue[15]_M_c_readvalue[15]_div_1/M_testhard_motherpos[0]_8.
   A5LUT
       LUTL
   testhard/M_b_readvalue[15]_M_c_readvalue[15]_div_1/Mcompar_o<12>_lut<0>1
       LUTL
   testhard/M_b_readvalue[15]_M_c_readvalue[15]_div_1/M_testhard_motherpos[0]_18
   .B5LUT
       LUTL M_reg_q_0_23_rt.1
       LUTL
   testhard/M_b_readvalue[15]_M_c_readvalue[15]_div_1/a[12]_GND_14_o_MUX_460_o
       LUTL
   testhard/M_b_readvalue[15]_M_c_readvalue[15]_div_1/Mcompar_o<10>_lut[3]_16.A6
   LUT
   19. Placer RPM "carry chain" (size: 12)
       LUTL
   hardmode/M_a_readvalue[15]_M_b_readvalue[15]_div_1/Mcompar_o<12>_cy[3]
       LUTL
   hardmode/M_a_readvalue[15]_M_b_readvalue[15]_div_1/Mcompar_o<10>_lut[3]_15.D6
   LUT
       LUTL
   hardmode/M_a_readvalue[15]_M_b_readvalue[15]_div_1/Mcompar_o<12>_cy[3]
       LUTL
   hardmode/M_a_readvalue[15]_M_b_readvalue[15]_div_1/Mcompar_o<10>_lut[3]_14.C6
   LUT
       LUTL
   hardmode/M_a_readvalue[15]_M_b_readvalue[15]_div_1/M_testhard_motherpos[0]_9.
   B5LUT
       LUTL
   hardmode/M_a_readvalue[15]_M_b_readvalue[15]_div_1/Mcompar_o<12>_lut<1>1
       LUTL
   hardmode/M_a_readvalue[15]_M_b_readvalue[15]_div_1/M_testhard_motherpos[0]_8.
   A5LUT
       LUTL
   hardmode/M_a_readvalue[15]_M_b_readvalue[15]_div_1/Mcompar_o<12>_lut<0>1
       LUTL
   hardmode/M_a_readvalue[15]_M_b_readvalue[15]_div_1/M_testhard_motherpos[0]_18
   .B5LUT
       LUTL M_reg_q_0_10_rt.1
       LUTL
   hardmode/M_a_readvalue[15]_M_b_readvalue[15]_div_1/a[12]_GND_14_o_MUX_460_o
       LUTL
   hardmode/M_a_readvalue[15]_M_b_readvalue[15]_div_1/Mcompar_o<10>_lut[3]_16.A6
   LUT
   20. Placer RPM "carry chain" (size: 10)
       LUTL alu/division/a[15]_b[15]_div_14/M_testhard_motherpos[0]_11.D5LUT
       LUTL alu/division/a[15]_b[15]_div_14/Mcompar_o<11>_lut<3>
       LUTL alu/division/a[15]_b[15]_div_14/Mcompar_o<11>_lutdi2
       LUTL alu/division/a[15]_b[15]_div_14/Mcompar_o<11>_lut<2>
       LUTL alu/division/a[15]_b[15]_div_14/Mcompar_o<11>_lutdi1
       LUTL alu/division/a[15]_b[15]_div_14/Mcompar_o<11>_lut<1>
       LUTL alu/division/a[15]_b[15]_div_14/Mcompar_o<11>_lutdi
       LUTL alu/division/a[15]_b[15]_div_14/Mcompar_o<11>_lut<0>
       LUTL alu/division/a[15]_b[15]_div_14/M_testhard_motherpos[0]_12.A5LUT
       LUTL alu/division/a[15]_b[15]_div_14/Mcompar_o<11>_lut<4>
   21. Placer RPM "carry chain" (size: 10)
       LUTL alu/division/a[15]_b[15]_div_14/M_testhard_motherpos[0]_6.D5LUT
       LUTL alu/division/a[15]_b[15]_div_14/Mcompar_o<12>_lut<3>
       LUTL alu/division/a[15]_b[15]_div_14/M_testhard_motherpos[0]_5.C5LUT
       LUTL alu/division/a[15]_b[15]_div_14/Mcompar_o<12>_lut<2>
       LUTL alu/division/a[15]_b[15]_div_14/Mcompar_o<12>_lutdi1
       LUTL alu/division/a[15]_b[15]_div_14/Mcompar_o<12>_lut<1>
       LUTL alu/division/a[15]_b[15]_div_14/Mcompar_o<12>_lutdi
       LUTL alu/division/a[15]_b[15]_div_14/Mcompar_o<12>_lut<0>
       LUTL alu/a[15]_b[15]_div_14_OUT[12]
       LUTL alu/division/a[15]_b[15]_div_14/Mcompar_o<12>_lut<4>
   22. Placer RPM "carry chain" (size: 12)
       LUTL testsimple/Mcompar_M_mother_pos[15]_M_billy_pos[15]_equal_34_o_cy[3]
       LUTL
   testsimple/Mcompar_M_mother_pos[15]_M_billy_pos[15]_equal_34_o_lut<3>
       LUTL testsimple/Mcompar_M_mother_pos[15]_M_billy_pos[15]_equal_34_o_cy[3]
       LUTL
   testsimple/Mcompar_M_mother_pos[15]_M_billy_pos[15]_equal_34_o_lut<2>
       LUTL testsimple/Mcompar_M_mother_pos[15]_M_billy_pos[15]_equal_34_o_cy[3]
       LUTL
   testsimple/Mcompar_M_mother_pos[15]_M_billy_pos[15]_equal_34_o_lut<1>
       LUTL testsimple/Mcompar_M_mother_pos[15]_M_billy_pos[15]_equal_34_o_cy[3]
       LUTL
   testsimple/Mcompar_M_mother_pos[15]_M_billy_pos[15]_equal_34_o_lut<0>
       LUTL testsimple/M_testhard_motherpos[0]_216.B5LUT
       LUTL
   testsimple/Mcompar_M_mother_pos[15]_M_billy_pos[15]_equal_34_o_lut<5>
       LUTL testsimple/M_mother_pos[15]_M_billy_pos[15]_equal_34_o
       LUTL
   testsimple/Mcompar_M_mother_pos[15]_M_billy_pos[15]_equal_34_o_lut<4>
Phase 9.8  Global Placement (Checksum:de365589) REAL time: 56 secs 

Phase 10.8  Global Placement
..
....................................................................................................................................................................
...............................................................................
...............................................................................................
ERROR:Place:543 - This design does not fit into the number of slices available
   in this device due to the complexity of the design and/or constraints.

   Unplaced instances by type:

     LUT    88 (1.6)
     FF    5 (0.4)
     LUTL    144 (2.7)

   Please evaluate the following:

   - If there are user-defined constraints or area groups:
     Please look at the "User-defined constraints" section below to determine
     what constraints might be impacting the fitting of this design.
     Evaluate if they can be moved, removed or resized to allow for fitting.
     Verify that they do not overlap or conflict with clock region restrictions.
     See the clock region reports in the MAP log file (*map) for more details
     on clock region usage.

   - If there is difficulty in placing LUTs:
     Try using the MAP LUT Combining Option (map lc area|auto|off).

   - If there is difficulty in placing FFs:
     Evaluate the number and configuration of the control sets in your design.

   The following instances are the last set of instances that failed to place:

   0. Placer RPM "carry chain" (size: 12)
      LUTL hardmode/Mcompar_M_mother_pos[15]_M_billy_pos[15]_equal_141_o_cy[3]
      LUTL hardmode/Mcompar_M_mother_pos[15]_M_billy_pos[15]_equal_141_o_lut<3>
      LUTL hardmode/Mcompar_M_mother_pos[15]_M_billy_pos[15]_equal_141_o_cy[3]
      LUTL hardmode/Mcompar_M_mother_pos[15]_M_billy_pos[15]_equal_141_o_lut<2>
      LUTL hardmode/Mcompar_M_mother_pos[15]_M_billy_pos[15]_equal_141_o_cy[3]
      LUTL hardmode/Mcompar_M_mother_pos[15]_M_billy_pos[15]_equal_141_o_lut<1>
      LUTL hardmode/Mcompar_M_mother_pos[15]_M_billy_pos[15]_equal_141_o_cy[3]
      LUTL hardmode/Mcompar_M_mother_pos[15]_M_billy_pos[15]_equal_141_o_lut<0>
      LUTL hardmode/M_testhard_motherpos[0]_53.B5LUT
      LUTL hardmode/Mcompar_M_mother_pos[15]_M_billy_pos[15]_equal_141_o_lut<5>
      LUTL hardmode/M_mother_pos[15]_M_billy_pos[15]_equal_141_o
      LUTL hardmode/Mcompar_M_mother_pos[15]_M_billy_pos[15]_equal_141_o_lut<4>
   1. Placer RPM "carry chain" (size: 10)
      LUTL alu/division/a[15]_b[15]_div_13/M_testhard_motherpos[0].D5LUT
      LUTL alu/division/a[15]_b[15]_div_13/Mcompar_o<10>_lut<3>
      LUTL alu/division/a[15]_b[15]_div_13/Mcompar_o<10>_lutdi2
      LUTL alu/division/a[15]_b[15]_div_13/Mcompar_o<10>_lut<2>
      LUTL alu/division/a[15]_b[15]_div_13/Mcompar_o<10>_lutdi1
      LUTL alu/division/a[15]_b[15]_div_13/Mcompar_o<10>_lut<1>
      LUTL alu/division/a[15]_b[15]_div_13/Mcompar_o<10>_lutdi
      LUTL alu/division/a[15]_b[15]_div_13/Mcompar_o<10>_lut<0>
      LUTL alu/division/a[15]_b[15]_div_13/M_testhard_motherpos[0]_2.A5LUT
      LUTL alu/division/a[15]_b[15]_div_13/Mcompar_o<10>_lut<4>
   2. Placer RPM "carry chain" (size: 10)
      LUTL alu/division/a[15]_b[15]_div_13/M_testhard_motherpos[0]_10.D5LUT
      LUTL alu/division/a[15]_b[15]_div_13/Mcompar_o<11>_lut<3>
      LUTL alu/division/a[15]_b[15]_div_13/Mcompar_o<11>_lutdi2
      LUTL alu/division/a[15]_b[15]_div_13/Mcompar_o<11>_lut<2>
      LUTL alu/division/a[15]_b[15]_div_13/Mcompar_o<11>_lutdi1
      LUTL alu/division/a[15]_b[15]_div_13/Mcompar_o<11>_lut<1>
      LUTL alu/division/a[15]_b[15]_div_13/Mcompar_o<11>_lutdi
      LUTL alu/division/a[15]_b[15]_div_13/Mcompar_o<11>_lut<0>
      LUTL alu/division/a[15]_b[15]_div_13/M_testhard_motherpos[0]_11.A5LUT
      LUTL alu/division/a[15]_b[15]_div_13/Mcompar_o<11>_lut<4>
   3. Placer RPM "carry chain" (size: 10)
      LUTL alu/division/a[15]_b[15]_div_13/M_testhard_motherpos[0]_5.D5LUT
      LUTL alu/division/a[15]_b[15]_div_13/Mcompar_o<12>_lut<3>
      LUTL alu/division/a[15]_b[15]_div_13/M_testhard_motherpos[0]_4.C5LUT
      LUTL alu/division/a[15]_b[15]_div_13/Mcompar_o<12>_lut<2>
      LUTL alu/division/a[15]_b[15]_div_13/Mcompar_o<12>_lutdi1
      LUTL alu/division/a[15]_b[15]_div_13/Mcompar_o<12>_lut<1>
      LUTL alu/division/a[15]_b[15]_div_13/Mcompar_o<12>_lutdi
      LUTL alu/division/a[15]_b[15]_div_13/Mcompar_o<12>_lut<0>
      LUTL alu/division/a[15]_b[15]_div_13/M_testhard_motherpos[0]_6.A5LUT
      LUTL alu/division/a[15]_b[15]_div_13/Mcompar_o<12>_lut<4>_INV_0
   4. Placer RPM "carry chain" (size: 11)
      LUTL
   hardmode/M_temp_readvalue[15]_M_c_readvalue[15]_div_3/Mcompar_o<10>_cy[3]
      LUTL
   hardmode/M_temp_readvalue[15]_M_c_readvalue[15]_div_3/Mcompar_o<10>_lut[3]_5.
   D6LUT
      LUTL
   hardmode/M_temp_readvalue[15]_M_c_readvalue[15]_div_3/Mcompar_o<10>_lutdi21
      LUTL
   hardmode/M_temp_readvalue[15]_M_c_readvalue[15]_div_3/Mcompar_o<10>_lut<2>1
      LUTL
   hardmode/M_temp_readvalue[15]_M_c_readvalue[15]_div_3/Mcompar_o<10>_lutdi1
      LUTL
   hardmode/M_temp_readvalue[15]_M_c_readvalue[15]_div_3/Mcompar_o<10>_lut<1>
      LUTL
   hardmode/M_temp_readvalue[15]_M_c_readvalue[15]_div_3/Mcompar_o<10>_lutdi
      LUTL
   hardmode/M_temp_readvalue[15]_M_c_readvalue[15]_div_3/Mcompar_o<10>_lut<0>
      LUTL M_reg_q_10_0
      LUTL
   hardmode/M_temp_readvalue[15]_M_c_readvalue[15]_div_3/Mcompar_o<10>_lut[3]_6.
   A6LUT
      FF hardmode/divoutput3/M_reg_q_10
   5. Placer RPM "carry chain" (size: 11)
      LUTL
   hardmode/M_temp_readvalue[15]_M_c_readvalue[15]_div_3/Mcompar_o<11>_cy[3]
      LUTL
   hardmode/M_temp_readvalue[15]_M_c_readvalue[15]_div_3/Mcompar_o<10>_lut[3]_34
   .D6LUT
      LUTL
   hardmode/M_temp_readvalue[15]_M_c_readvalue[15]_div_3/Mcompar_o<11>_cy[3]
      LUTL
   hardmode/M_temp_readvalue[15]_M_c_readvalue[15]_div_3/Mcompar_o<11>_lut<2>1
      LUTL
   hardmode/M_temp_readvalue[15]_M_c_readvalue[15]_div_3/Mcompar_o<11>_lutdi1
      LUTL
   hardmode/M_temp_readvalue[15]_M_c_readvalue[15]_div_3/Mcompar_o<11>_lut<1>
      LUTL
   hardmode/M_temp_readvalue[15]_M_c_readvalue[15]_div_3/Mcompar_o<11>_lutdi
      LUTL
   hardmode/M_temp_readvalue[15]_M_c_readvalue[15]_div_3/Mcompar_o<11>_lut<0>
      LUTL hardmode/M_divoutput3_readvalue[11]
      LUTL
   hardmode/M_temp_readvalue[15]_M_c_readvalue[15]_div_3/Mcompar_o<10>_lut[3]_35
   .A6LUT
      FF hardmode/divoutput3/M_reg_q_11
   6. Placer RPM "carry chain" (size: 11)
      LUTL
   hardmode/M_temp_readvalue[15]_M_c_readvalue[15]_div_3/Mcompar_o<12>_cy[3]
      LUTL
   hardmode/M_temp_readvalue[15]_M_c_readvalue[15]_div_3/Mcompar_o<10>_lut[3]_14
   .D6LUT
      LUTL
   hardmode/M_temp_readvalue[15]_M_c_readvalue[15]_div_3/Mcompar_o<12>_cy[3]
      LUTL
   hardmode/M_temp_readvalue[15]_M_c_readvalue[15]_div_3/Mcompar_o<10>_lut[3]_13
   .C6LUT
      LUTL
   hardmode/M_temp_readvalue[15]_M_c_readvalue[15]_div_3/Mcompar_o<12>_lutdi1
      LUTL
   hardmode/M_temp_readvalue[15]_M_c_readvalue[15]_div_3/Mcompar_o<12>_lut<1>
      LUTL
   hardmode/M_temp_readvalue[15]_M_c_readvalue[15]_div_3/Mcompar_o<12>_lutdi
      LUTL
   hardmode/M_temp_readvalue[15]_M_c_readvalue[15]_div_3/Mcompar_o<12>_lut<0>
      LUTL M_reg_q_12_0
      LUTL
   hardmode/M_temp_readvalue[15]_M_c_readvalue[15]_div_3/Mcompar_o<10>_lut[3]_15
   .A6LUT
      FF hardmode/divoutput3/M_reg_q_12
   7. Placer RPM "carry chain" (size: 10)
      LUTL
   testhard/M_a_readvalue[15]_M_temp_readvalue[15]_div_2/M_testhard_motherpos[0]
   _3.D5LUT
      LUTL
   testhard/M_a_readvalue[15]_M_temp_readvalue[15]_div_2/Mcompar_o<10>_lut<3>
      LUTL
   testhard/M_a_readvalue[15]_M_temp_readvalue[15]_div_2/Mcompar_o<10>_lutdi2
      LUTL
   testhard/M_a_readvalue[15]_M_temp_readvalue[15]_div_2/Mcompar_o<10>_lut<2>
      LUTL
   testhard/M_a_readvalue[15]_M_temp_readvalue[15]_div_2/Mcompar_o<10>_lutdi1
      LUTL
   testhard/M_a_readvalue[15]_M_temp_readvalue[15]_div_2/Mcompar_o<10>_lut<1>
      LUTL
   testhard/M_a_readvalue[15]_M_temp_readvalue[15]_div_2/Mcompar_o<10>_lutdi
      LUTL
   testhard/M_a_readvalue[15]_M_temp_readvalue[15]_div_2/Mcompar_o<10>_lut<0>
      LUTL
   testhard/M_a_readvalue[15]_M_temp_readvalue[15]_div_2/M_testhard_motherpos[0]
   _4.A5LUT
      LUTL
   testhard/M_a_readvalue[15]_M_temp_readvalue[15]_div_2/Mcompar_o<10>_lut<4>
   8. Placer RPM "carry chain" (size: 10)
      LUTL
   testhard/M_a_readvalue[15]_M_temp_readvalue[15]_div_2/M_testhard_motherpos[0]
   _19.D5LUT
      LUTL
   testhard/M_a_readvalue[15]_M_temp_readvalue[15]_div_2/Mcompar_o<11>_lut<3>
      LUTL
   testhard/M_a_readvalue[15]_M_temp_readvalue[15]_div_2/Mcompar_o<11>_lutdi2
      LUTL
   testhard/M_a_readvalue[15]_M_temp_readvalue[15]_div_2/Mcompar_o<11>_lut<2>
      LUTL
   testhard/M_a_readvalue[15]_M_temp_readvalue[15]_div_2/Mcompar_o<11>_lutdi1
      LUTL
   testhard/M_a_readvalue[15]_M_temp_readvalue[15]_div_2/Mcompar_o<11>_lut<1>
      LUTL
   testhard/M_a_readvalue[15]_M_temp_readvalue[15]_div_2/Mcompar_o<11>_lutdi
      LUTL
   testhard/M_a_readvalue[15]_M_temp_readvalue[15]_div_2/Mcompar_o<11>_lut<0>
      LUTL
   testhard/M_a_readvalue[15]_M_temp_readvalue[15]_div_2/M_testhard_motherpos[0]
   _20.A5LUT
      LUTL
   testhard/M_a_readvalue[15]_M_temp_readvalue[15]_div_2/Mcompar_o<11>_lut<4>
   9. Placer RPM "carry chain" (size: 10)
      LUTL
   testhard/M_a_readvalue[15]_M_temp_readvalue[15]_div_2/M_testhard_motherpos[0]
   _10.D5LUT
      LUTL
   testhard/M_a_readvalue[15]_M_temp_readvalue[15]_div_2/Mcompar_o<12>_lut<3>
      LUTL
   testhard/M_a_readvalue[15]_M_temp_readvalue[15]_div_2/M_testhard_motherpos[0]
   _9.C5LUT
      LUTL
   testhard/M_a_readvalue[15]_M_temp_readvalue[15]_div_2/Mcompar_o<12>_lut<2>
      LUTL
   testhard/M_a_readvalue[15]_M_temp_readvalue[15]_div_2/M_testhard_motherpos[0]
   _8.B5LUT
      LUTL
   testhard/M_a_readvalue[15]_M_temp_readvalue[15]_div_2/Mcompar_o<12>_lut<1>1
      LUTL
   testhard/M_a_readvalue[15]_M_temp_readvalue[15]_div_2/M_testhard_motherpos[0]
   _7.A5LUT
      LUTL
   testhard/M_a_readvalue[15]_M_temp_readvalue[15]_div_2/Mcompar_o<12>_lut<0>1
      LUTL
   testhard/M_a_readvalue[15]_M_temp_readvalue[15]_div_2/M_testhard_motherpos[0]
   _11.A5LUT
      LUTL
   testhard/M_a_readvalue[15]_M_temp_readvalue[15]_div_2/Mcompar_o<12>_lut<4>_IN
   V_0
   10. Placer RPM "carry chain" (size: 10)
       LUTL alu/division/a[15]_b[15]_div_14/M_testhard_motherpos[0]_2.D5LUT
       LUTL alu/division/a[15]_b[15]_div_14/Mcompar_o<10>_lut<3>
       LUTL alu/division/a[15]_b[15]_div_14/Mcompar_o<10>_lutdi2
       LUTL alu/division/a[15]_b[15]_div_14/Mcompar_o<10>_lut<2>
       LUTL alu/division/a[15]_b[15]_div_14/Mcompar_o<10>_lutdi1
       LUTL alu/division/a[15]_b[15]_div_14/Mcompar_o<10>_lut<1>
       LUTL alu/division/a[15]_b[15]_div_14/Mcompar_o<10>_lutdi
       LUTL alu/division/a[15]_b[15]_div_14/Mcompar_o<10>_lut<0>
       LUTL alu/division/a[15]_b[15]_div_14/M_testhard_motherpos[0]_3.A5LUT
       LUTL alu/division/a[15]_b[15]_div_14/Mcompar_o<10>_lut<4>
   11. Placer RPM "carry chain" (size: 12)
       LUTL
   testhard/M_b_readvalue[15]_M_c_readvalue[15]_div_1/Mcompar_o<12>_cy[3]
       LUTL
   testhard/M_b_readvalue[15]_M_c_readvalue[15]_div_1/Mcompar_o<10>_lut[3]_15.D6
   LUT
       LUTL
   testhard/M_b_readvalue[15]_M_c_readvalue[15]_div_1/Mcompar_o<12>_cy[3]
       LUTL
   testhard/M_b_readvalue[15]_M_c_readvalue[15]_div_1/Mcompar_o<10>_lut[3]_14.C6
   LUT
       LUTL
   testhard/M_b_readvalue[15]_M_c_readvalue[15]_div_1/M_testhard_motherpos[0]_9.
   B5LUT
       LUTL
   testhard/M_b_readvalue[15]_M_c_readvalue[15]_div_1/Mcompar_o<12>_lut<1>1
       LUTL
   testhard/M_b_readvalue[15]_M_c_readvalue[15]_div_1/M_testhard_motherpos[0]_8.
   A5LUT
       LUTL
   testhard/M_b_readvalue[15]_M_c_readvalue[15]_div_1/Mcompar_o<12>_lut<0>1
       LUTL
   testhard/M_b_readvalue[15]_M_c_readvalue[15]_div_1/M_testhard_motherpos[0]_18
   .B5LUT
       LUTL M_reg_q_0_23_rt.1
       LUTL
   testhard/M_b_readvalue[15]_M_c_readvalue[15]_div_1/a[12]_GND_14_o_MUX_460_o
       LUTL
   testhard/M_b_readvalue[15]_M_c_readvalue[15]_div_1/Mcompar_o<10>_lut[3]_16.A6
   LUT
   12. Placer RPM "carry chain" (size: 10)
       LUTL alu/division/a[15]_b[15]_div_14/M_testhard_motherpos[0]_11.D5LUT
       LUTL alu/division/a[15]_b[15]_div_14/Mcompar_o<11>_lut<3>
       LUTL alu/division/a[15]_b[15]_div_14/Mcompar_o<11>_lutdi2
       LUTL alu/division/a[15]_b[15]_div_14/Mcompar_o<11>_lut<2>
       LUTL alu/division/a[15]_b[15]_div_14/Mcompar_o<11>_lutdi1
       LUTL alu/division/a[15]_b[15]_div_14/Mcompar_o<11>_lut<1>
       LUTL alu/division/a[15]_b[15]_div_14/Mcompar_o<11>_lutdi
       LUTL alu/division/a[15]_b[15]_div_14/Mcompar_o<11>_lut<0>
       LUTL alu/division/a[15]_b[15]_div_14/M_testhard_motherpos[0]_12.A5LUT
       LUTL alu/division/a[15]_b[15]_div_14/Mcompar_o<11>_lut<4>
   13. Placer RPM "carry chain" (size: 10)
       LUTL alu/division/a[15]_b[15]_div_14/M_testhard_motherpos[0]_6.D5LUT
       LUTL alu/division/a[15]_b[15]_div_14/Mcompar_o<12>_lut<3>
       LUTL alu/division/a[15]_b[15]_div_14/M_testhard_motherpos[0]_5.C5LUT
       LUTL alu/division/a[15]_b[15]_div_14/Mcompar_o<12>_lut<2>
       LUTL alu/division/a[15]_b[15]_div_14/Mcompar_o<12>_lutdi1
       LUTL alu/division/a[15]_b[15]_div_14/Mcompar_o<12>_lut<1>
       LUTL alu/division/a[15]_b[15]_div_14/Mcompar_o<12>_lutdi
       LUTL alu/division/a[15]_b[15]_div_14/Mcompar_o<12>_lut<0>
       LUTL alu/a[15]_b[15]_div_14_OUT[12]
       LUTL alu/division/a[15]_b[15]_div_14/Mcompar_o<12>_lut<4>
   14. testsimple/M_a_writeenable (size: 2)
       LUT testsimple/M_state_q_FSM_FFd2-In1
       LUT testsimple/M_state_q_FSM_FFd3-In11
   15. testsimple/M_billy_pos[14] (size: 3)
       LUT testsimple/M_billy_pos[14]
       LUT testsimple/Mmux_M_billy_writevalue61
       FF testsimple/billy/M_billyposition_q_14
   16. M_reg_q_1 (size: 3)
       LUT M_reg_q_1
       LUT simplemode/Mmux_M_temp_writevalue81
       FF simplemode/temp/M_reg_q_1
   17.
   testsimple/M_a_readvalue[15]_M_b_readvalue[15]_div_1/a[12]_GND_14_o_MUX_796_o
   (size: 4)
       LUT
   testsimple/M_a_readvalue[15]_M_b_readvalue[15]_div_1/a[12]_GND_14_o_MUX_796_o
       LUT
   testsimple/M_a_readvalue[15]_M_b_readvalue[15]_div_1/Mmux_a[0]_GND_14_o_MUX_8
   08_o131
       LUT
   testsimple/M_a_readvalue[15]_M_b_readvalue[15]_div_1/a[12]_GND_14_o_MUX_796_o
       LUT
   testsimple/M_a_readvalue[15]_M_b_readvalue[15]_div_1/Mmux_a[0]_GND_14_o_MUX_8
   48_o131
   18.
   simplemode/M_a_readvalue[15]_M_b_readvalue[15]_div_1/a[12]_GND_14_o_MUX_796_o
   (size: 4)
       LUT
   simplemode/M_a_readvalue[15]_M_b_readvalue[15]_div_1/a[12]_GND_14_o_MUX_796_o
       LUT
   simplemode/M_a_readvalue[15]_M_b_readvalue[15]_div_1/Mmux_a[0]_GND_14_o_MUX_8
   08_o131
       LUT
   simplemode/M_a_readvalue[15]_M_b_readvalue[15]_div_1/a[12]_GND_14_o_MUX_796_o
       LUT
   simplemode/M_a_readvalue[15]_M_b_readvalue[15]_div_1/Mmux_a[0]_GND_14_o_MUX_8
   48_o131
   19.
   simplemode/M_a_readvalue[15]_M_b_readvalue[15]_div_1/a[14]_GND_14_o_MUX_794_o
   (size: 4)
       LUT
   simplemode/M_a_readvalue[15]_M_b_readvalue[15]_div_1/a[14]_GND_14_o_MUX_794_o
       LUT
   simplemode/M_a_readvalue[15]_M_b_readvalue[15]_div_1/Mmux_a[0]_GND_14_o_MUX_8
   08_o151
       LUT
   simplemode/M_a_readvalue[15]_M_b_readvalue[15]_div_1/a[14]_GND_14_o_MUX_794_o
       LUT
   simplemode/M_a_readvalue[15]_M_b_readvalue[15]_div_1/Mmux_a[0]_GND_14_o_MUX_8
   86_o151
   20.
   hardmode/M_b_readvalue[15]_M_c_readvalue[15]_div_2/a[13]_GND_14_o_MUX_753_o
   (size: 4)
       LUT
   hardmode/M_b_readvalue[15]_M_c_readvalue[15]_div_2/a[13]_GND_14_o_MUX_753_o
       LUT
   hardmode/M_b_readvalue[15]_M_c_readvalue[15]_div_2/Mmux_a[0]_GND_14_o_MUX_766
   _o141
       LUT
   hardmode/M_b_readvalue[15]_M_c_readvalue[15]_div_2/a[13]_GND_14_o_MUX_753_o
       LUT
   hardmode/M_b_readvalue[15]_M_c_readvalue[15]_div_2/Mmux_a[0]_GND_14_o_MUX_676
   _o141
   21. Mmux_M_seven_seg_b_char1 (size: 4)
       LUT Mmux_M_seven_seg_b_char1
       LUT Mmux_M_seven_seg_b_char11
       LUT Mmux_M_seven_seg_b_char1
       LUT Mmux_M_seven_seg_b_char12
   22. Mmux_M_seven_seg_b_char12 (size: 4)
       LUT Mmux_M_seven_seg_b_char12
       LUT Mmux_M_seven_seg_b_char13
       LUT Mmux_M_seven_seg_b_char12
       LUT Mmux_M_seven_seg_b_char16
   23.
   testsimple/M_a_readvalue[15]_M_b_readvalue[15]_div_1/a[11]_GND_14_o_MUX_837_o
   (size: 4)
       LUT
   testsimple/M_a_readvalue[15]_M_b_readvalue[15]_div_1/a[11]_GND_14_o_MUX_837_o
       LUT
   testsimple/M_a_readvalue[15]_M_b_readvalue[15]_div_1/Mmux_a[0]_GND_14_o_MUX_8
   48_o121
       LUT
   testsimple/M_a_readvalue[15]_M_b_readvalue[15]_div_1/a[11]_GND_14_o_MUX_837_o
       LUT
   testsimple/M_a_readvalue[15]_M_b_readvalue[15]_div_1/Mmux_a[0]_GND_14_o_MUX_8
   86_o121
   24. alu/division/a[15]_b[15]_div_13/a[11]_GND_14_o_MUX_837_o (size: 4)
       LUT alu/division/a[15]_b[15]_div_13/a[11]_GND_14_o_MUX_837_o
       LUT alu/division/a[15]_b[15]_div_13/Mmux_a[0]_GND_14_o_MUX_848_o121
       LUT alu/division/a[15]_b[15]_div_13/a[11]_GND_14_o_MUX_837_o
       LUT alu/division/a[15]_b[15]_div_13/Mmux_a[0]_GND_14_o_MUX_922_o121
   25. alu/division/a[15]_b[15]_div_14/a[15]_GND_14_o_MUX_871_o (size: 4)
       LUT alu/division/a[15]_b[15]_div_14/a[15]_GND_14_o_MUX_871_o
       LUT alu/division/a[15]_b[15]_div_14/Mmux_a[0]_GND_14_o_MUX_886_o161
       LUT alu/division/a[15]_b[15]_div_14/a[15]_GND_14_o_MUX_871_o
       LUT alu/division/a[15]_b[15]_div_14/Mmux_n095071
   26.
   hardmode/M_temp_readvalue[15]_M_c_readvalue[15]_div_3/a[8]_GND_14_o_MUX_800_o
   (size: 4)
       LUT
   hardmode/M_temp_readvalue[15]_M_c_readvalue[15]_div_3/a[8]_GND_14_o_MUX_800_o
       LUT
   hardmode/M_temp_readvalue[15]_M_c_readvalue[15]_div_3/Mmux_a[0]_GND_14_o_MUX_
   808_o1141
       LUT
   hardmode/M_temp_readvalue[15]_M_c_readvalue[15]_div_3/a[8]_GND_14_o_MUX_800_o
       LUT
   hardmode/M_temp_readvalue[15]_M_c_readvalue[15]_div_3/Mmux_a[0]_GND_14_o_MUX_
   722_o1141
   27. testsimple/M_billy_pos[15]_PWR_21_o_div_4_OUT<2>1514 (size: 4)
       LUT testsimple/M_billy_pos[15]_PWR_21_o_div_4_OUT<2>1514
       LUT testsimple/M_billy_pos[15]_PWR_21_o_div_4_OUT<2>15141
       LUT testsimple/M_billy_pos[15]_PWR_21_o_div_4_OUT<2>1514
       LUT testsimple/M_billy_pos[15]_PWR_21_o_div_4_OUT<5>1
   28. alu/division/a[15]_b[15]_div_13/a[5]_GND_14_o_MUX_917_o (size: 4)
       LUT alu/division/a[15]_b[15]_div_13/a[5]_GND_14_o_MUX_917_o
       LUT alu/division/a[15]_b[15]_div_13/Mmux_a[0]_GND_14_o_MUX_922_o1111
       LUT alu/division/a[15]_b[15]_div_13/a[5]_GND_14_o_MUX_917_o
       LUT alu/division/a[15]_b[15]_div_13/Mmux_a[0]_GND_14_o_MUX_848_o1111
   29.
   simplemode/M_a_readvalue[15]_M_b_readvalue[15]_div_1/a[5]_GND_14_o_MUX_917_o
   (size: 4)
       LUT
   simplemode/M_a_readvalue[15]_M_b_readvalue[15]_div_1/a[5]_GND_14_o_MUX_917_o
       LUT
   simplemode/M_a_readvalue[15]_M_b_readvalue[15]_div_1/Mmux_a[0]_GND_14_o_MUX_9
   22_o1111
       LUT
   simplemode/M_a_readvalue[15]_M_b_readvalue[15]_div_1/a[5]_GND_14_o_MUX_917_o
       LUT
   simplemode/M_a_readvalue[15]_M_b_readvalue[15]_div_1/Mmux_a[0]_GND_14_o_MUX_8
   48_o1111
   30.
   simplemode/M_a_readvalue[15]_M_b_readvalue[15]_div_1/a[6]_GND_14_o_MUX_916_o
   (size: 4)
       LUT
   simplemode/M_a_readvalue[15]_M_b_readvalue[15]_div_1/a[6]_GND_14_o_MUX_916_o
       LUT
   simplemode/M_a_readvalue[15]_M_b_readvalue[15]_div_1/Mmux_a[0]_GND_14_o_MUX_9
   22_o1121
       LUT
   simplemode/M_a_readvalue[15]_M_b_readvalue[15]_div_1/a[6]_GND_14_o_MUX_916_o
       LUT
   simplemode/M_a_readvalue[15]_M_b_readvalue[15]_div_1/Mmux_a[0]_GND_14_o_MUX_8
   48_o1121
   31. alu/division/a[15]_b[15]_div_14/a[4]_GND_14_o_MUX_882_o (size: 4)
       LUT alu/division/a[15]_b[15]_div_14/a[4]_GND_14_o_MUX_882_o
       LUT alu/division/a[15]_b[15]_div_14/Mmux_a[0]_GND_14_o_MUX_886_o1101
       LUT alu/division/a[15]_b[15]_div_14/a[4]_GND_14_o_MUX_882_o
       LUT alu/division/a[15]_b[15]_div_14/Mmux_n0950111
   32. _n0255 (size: 4)
       LUT _n0255
       LUT simplemode/_n0255<3>1
       LUT _n0255
       LUT Mmux_M_alu_a113
   33. testsimple/n0751[3] (size: 4)
       LUT testsimple/n0751[3]
       LUT testsimple/M_billy_pos[15]_PWR_21_o_div_4/Mmux_n0751101
       LUT testsimple/n0751[3]
       LUT testsimple/M_billy_pos[15]_PWR_21_o_div_4_OUT<3>26
   34. testhard/M_timer_q[29]_GND_22_o_equal_115_o<29>4 (size: 4)
       LUT testhard/M_timer_q[29]_GND_22_o_equal_115_o<29>4
       LUT testhard/M_timer_q[29]_GND_22_o_equal_115_o<29>5
       LUT testhard/M_timer_q[29]_GND_22_o_equal_115_o<29>4
       LUT testhard/M_timer_q[29]_GND_22_o_equal_115_o<29>6
   35. testsimple/M_billy_pos[15]_PWR_21_o_div_4_OUT[10] (size: 4)
       LUT testsimple/M_billy_pos[15]_PWR_21_o_div_4_OUT[10]
       LUT
   testsimple/M_billy_pos[15]_PWR_21_o_div_4/Madd_a[15]_GND_20_o_add_13_OUT_cy<1
   4>1
       LUT testsimple/M_billy_pos[15]_PWR_21_o_div_4_OUT[10]
       LUT
   testsimple/M_billy_pos[15]_PWR_21_o_div_4/Mmux_a[0]_a[15]_MUX_1176_o141
   36. testsimple/a[15]_a[15]_MUX_1257_o (size: 4)
       LUT testsimple/a[15]_a[15]_MUX_1257_o
       LUT
   testsimple/M_billy_pos[15]_PWR_21_o_div_4/Mmux_a[0]_a[15]_MUX_1272_o161
       LUT testsimple/a[15]_a[15]_MUX_1257_o
       LUT testsimple/M_billy_pos[15]_PWR_21_o_div_4_OUT<4>1
   37. M_state_q_FSM_FFd1-In (size: 2)
       LUT M_state_q_FSM_FFd1-In
       LUT M_state_q_FSM_FFd1-In1
Phase 10.8  Global Placement (Checksum:7d4e40) REAL time: 1 mins 35 secs 

Phase 11.9  Local Placement Optimization
ERROR:Place:543 - This design does not fit into the number of slices available
   in this device due to the complexity of the design and/or constraints.

   Unplaced instances by type:

     LUT    80 (1.4)
     FF    3 (0.3)
     LUTL    144 (2.7)

   Please evaluate the following:

   - If there are user-defined constraints or area groups:
     Please look at the "User-defined constraints" section below to determine
     what constraints might be impacting the fitting of this design.
     Evaluate if they can be moved, removed or resized to allow for fitting.
     Verify that they do not overlap or conflict with clock region restrictions.
     See the clock region reports in the MAP log file (*map) for more details
     on clock region usage.

   - If there is difficulty in placing LUTs:
     Try using the MAP LUT Combining Option (map lc area|auto|off).

   - If there is difficulty in placing FFs:
     Evaluate the number and configuration of the control sets in your design.

   The following instances are the last set of instances that failed to place:

   0. Placer RPM "carry chain" (size: 12)
      LUTL hardmode/Mcompar_M_mother_pos[15]_M_billy_pos[15]_equal_141_o_cy[3]
      LUTL hardmode/Mcompar_M_mother_pos[15]_M_billy_pos[15]_equal_141_o_lut<3>
      LUTL hardmode/Mcompar_M_mother_pos[15]_M_billy_pos[15]_equal_141_o_cy[3]
      LUTL hardmode/Mcompar_M_mother_pos[15]_M_billy_pos[15]_equal_141_o_lut<2>
      LUTL hardmode/Mcompar_M_mother_pos[15]_M_billy_pos[15]_equal_141_o_cy[3]
      LUTL hardmode/Mcompar_M_mother_pos[15]_M_billy_pos[15]_equal_141_o_lut<1>
      LUTL hardmode/Mcompar_M_mother_pos[15]_M_billy_pos[15]_equal_141_o_cy[3]
      LUTL hardmode/Mcompar_M_mother_pos[15]_M_billy_pos[15]_equal_141_o_lut<0>
      LUTL hardmode/M_testhard_motherpos[0]_53.B5LUT
      LUTL hardmode/Mcompar_M_mother_pos[15]_M_billy_pos[15]_equal_141_o_lut<5>
      LUTL hardmode/M_mother_pos[15]_M_billy_pos[15]_equal_141_o
      LUTL hardmode/Mcompar_M_mother_pos[15]_M_billy_pos[15]_equal_141_o_lut<4>
   1. Placer RPM "carry chain" (size: 10)
      LUTL alu/division/a[15]_b[15]_div_13/M_testhard_motherpos[0].D5LUT
      LUTL alu/division/a[15]_b[15]_div_13/Mcompar_o<10>_lut<3>
      LUTL alu/division/a[15]_b[15]_div_13/Mcompar_o<10>_lutdi2
      LUTL alu/division/a[15]_b[15]_div_13/Mcompar_o<10>_lut<2>
      LUTL alu/division/a[15]_b[15]_div_13/Mcompar_o<10>_lutdi1
      LUTL alu/division/a[15]_b[15]_div_13/Mcompar_o<10>_lut<1>
      LUTL alu/division/a[15]_b[15]_div_13/Mcompar_o<10>_lutdi
      LUTL alu/division/a[15]_b[15]_div_13/Mcompar_o<10>_lut<0>
      LUTL alu/division/a[15]_b[15]_div_13/M_testhard_motherpos[0]_2.A5LUT
      LUTL alu/division/a[15]_b[15]_div_13/Mcompar_o<10>_lut<4>
   2. Placer RPM "carry chain" (size: 10)
      LUTL alu/division/a[15]_b[15]_div_13/M_testhard_motherpos[0]_10.D5LUT
      LUTL alu/division/a[15]_b[15]_div_13/Mcompar_o<11>_lut<3>
      LUTL alu/division/a[15]_b[15]_div_13/Mcompar_o<11>_lutdi2
      LUTL alu/division/a[15]_b[15]_div_13/Mcompar_o<11>_lut<2>
      LUTL alu/division/a[15]_b[15]_div_13/Mcompar_o<11>_lutdi1
      LUTL alu/division/a[15]_b[15]_div_13/Mcompar_o<11>_lut<1>
      LUTL alu/division/a[15]_b[15]_div_13/Mcompar_o<11>_lutdi
      LUTL alu/division/a[15]_b[15]_div_13/Mcompar_o<11>_lut<0>
      LUTL alu/division/a[15]_b[15]_div_13/M_testhard_motherpos[0]_11.A5LUT
      LUTL alu/division/a[15]_b[15]_div_13/Mcompar_o<11>_lut<4>
   3. Placer RPM "carry chain" (size: 10)
      LUTL alu/division/a[15]_b[15]_div_13/M_testhard_motherpos[0]_5.D5LUT
      LUTL alu/division/a[15]_b[15]_div_13/Mcompar_o<12>_lut<3>
      LUTL alu/division/a[15]_b[15]_div_13/M_testhard_motherpos[0]_4.C5LUT
      LUTL alu/division/a[15]_b[15]_div_13/Mcompar_o<12>_lut<2>
      LUTL alu/division/a[15]_b[15]_div_13/Mcompar_o<12>_lutdi1
      LUTL alu/division/a[15]_b[15]_div_13/Mcompar_o<12>_lut<1>
      LUTL alu/division/a[15]_b[15]_div_13/Mcompar_o<12>_lutdi
      LUTL alu/division/a[15]_b[15]_div_13/Mcompar_o<12>_lut<0>
      LUTL alu/division/a[15]_b[15]_div_13/M_testhard_motherpos[0]_6.A5LUT
      LUTL alu/division/a[15]_b[15]_div_13/Mcompar_o<12>_lut<4>_INV_0
   4. Placer RPM "carry chain" (size: 11)
      LUTL
   hardmode/M_temp_readvalue[15]_M_c_readvalue[15]_div_3/Mcompar_o<10>_cy[3]
      LUTL
   hardmode/M_temp_readvalue[15]_M_c_readvalue[15]_div_3/Mcompar_o<10>_lut[3]_5.
   D6LUT
      LUTL
   hardmode/M_temp_readvalue[15]_M_c_readvalue[15]_div_3/Mcompar_o<10>_lutdi21
      LUTL
   hardmode/M_temp_readvalue[15]_M_c_readvalue[15]_div_3/Mcompar_o<10>_lut<2>1
      LUTL
   hardmode/M_temp_readvalue[15]_M_c_readvalue[15]_div_3/Mcompar_o<10>_lutdi1
      LUTL
   hardmode/M_temp_readvalue[15]_M_c_readvalue[15]_div_3/Mcompar_o<10>_lut<1>
      LUTL
   hardmode/M_temp_readvalue[15]_M_c_readvalue[15]_div_3/Mcompar_o<10>_lutdi
      LUTL
   hardmode/M_temp_readvalue[15]_M_c_readvalue[15]_div_3/Mcompar_o<10>_lut<0>
      LUTL M_reg_q_10_0
      LUTL
   hardmode/M_temp_readvalue[15]_M_c_readvalue[15]_div_3/Mcompar_o<10>_lut[3]_6.
   A6LUT
      FF hardmode/divoutput3/M_reg_q_10
   5. Placer RPM "carry chain" (size: 11)
      LUTL
   hardmode/M_temp_readvalue[15]_M_c_readvalue[15]_div_3/Mcompar_o<11>_cy[3]
      LUTL
   hardmode/M_temp_readvalue[15]_M_c_readvalue[15]_div_3/Mcompar_o<10>_lut[3]_34
   .D6LUT
      LUTL
   hardmode/M_temp_readvalue[15]_M_c_readvalue[15]_div_3/Mcompar_o<11>_cy[3]
      LUTL
   hardmode/M_temp_readvalue[15]_M_c_readvalue[15]_div_3/Mcompar_o<11>_lut<2>1
      LUTL
   hardmode/M_temp_readvalue[15]_M_c_readvalue[15]_div_3/Mcompar_o<11>_lutdi1
      LUTL
   hardmode/M_temp_readvalue[15]_M_c_readvalue[15]_div_3/Mcompar_o<11>_lut<1>
      LUTL
   hardmode/M_temp_readvalue[15]_M_c_readvalue[15]_div_3/Mcompar_o<11>_lutdi
      LUTL
   hardmode/M_temp_readvalue[15]_M_c_readvalue[15]_div_3/Mcompar_o<11>_lut<0>
      LUTL hardmode/M_divoutput3_readvalue[11]
      LUTL
   hardmode/M_temp_readvalue[15]_M_c_readvalue[15]_div_3/Mcompar_o<10>_lut[3]_35
   .A6LUT
      FF hardmode/divoutput3/M_reg_q_11
   6. Placer RPM "carry chain" (size: 11)
      LUTL
   hardmode/M_temp_readvalue[15]_M_c_readvalue[15]_div_3/Mcompar_o<12>_cy[3]
      LUTL
   hardmode/M_temp_readvalue[15]_M_c_readvalue[15]_div_3/Mcompar_o<10>_lut[3]_14
   .D6LUT
      LUTL
   hardmode/M_temp_readvalue[15]_M_c_readvalue[15]_div_3/Mcompar_o<12>_cy[3]
      LUTL
   hardmode/M_temp_readvalue[15]_M_c_readvalue[15]_div_3/Mcompar_o<10>_lut[3]_13
   .C6LUT
      LUTL
   hardmode/M_temp_readvalue[15]_M_c_readvalue[15]_div_3/Mcompar_o<12>_lutdi1
      LUTL
   hardmode/M_temp_readvalue[15]_M_c_readvalue[15]_div_3/Mcompar_o<12>_lut<1>
      LUTL
   hardmode/M_temp_readvalue[15]_M_c_readvalue[15]_div_3/Mcompar_o<12>_lutdi
      LUTL
   hardmode/M_temp_readvalue[15]_M_c_readvalue[15]_div_3/Mcompar_o<12>_lut<0>
      LUTL M_reg_q_12_0
      LUTL
   hardmode/M_temp_readvalue[15]_M_c_readvalue[15]_div_3/Mcompar_o<10>_lut[3]_15
   .A6LUT
      FF hardmode/divoutput3/M_reg_q_12
   7. Placer RPM "carry chain" (size: 10)
      LUTL
   testhard/M_a_readvalue[15]_M_temp_readvalue[15]_div_2/M_testhard_motherpos[0]
   _3.D5LUT
      LUTL
   testhard/M_a_readvalue[15]_M_temp_readvalue[15]_div_2/Mcompar_o<10>_lut<3>
      LUTL
   testhard/M_a_readvalue[15]_M_temp_readvalue[15]_div_2/Mcompar_o<10>_lutdi2
      LUTL
   testhard/M_a_readvalue[15]_M_temp_readvalue[15]_div_2/Mcompar_o<10>_lut<2>
      LUTL
   testhard/M_a_readvalue[15]_M_temp_readvalue[15]_div_2/Mcompar_o<10>_lutdi1
      LUTL
   testhard/M_a_readvalue[15]_M_temp_readvalue[15]_div_2/Mcompar_o<10>_lut<1>
      LUTL
   testhard/M_a_readvalue[15]_M_temp_readvalue[15]_div_2/Mcompar_o<10>_lutdi
      LUTL
   testhard/M_a_readvalue[15]_M_temp_readvalue[15]_div_2/Mcompar_o<10>_lut<0>
      LUTL
   testhard/M_a_readvalue[15]_M_temp_readvalue[15]_div_2/M_testhard_motherpos[0]
   _4.A5LUT
      LUTL
   testhard/M_a_readvalue[15]_M_temp_readvalue[15]_div_2/Mcompar_o<10>_lut<4>
   8. Placer RPM "carry chain" (size: 10)
      LUTL
   testhard/M_a_readvalue[15]_M_temp_readvalue[15]_div_2/M_testhard_motherpos[0]
   _19.D5LUT
      LUTL
   testhard/M_a_readvalue[15]_M_temp_readvalue[15]_div_2/Mcompar_o<11>_lut<3>
      LUTL
   testhard/M_a_readvalue[15]_M_temp_readvalue[15]_div_2/Mcompar_o<11>_lutdi2
      LUTL
   testhard/M_a_readvalue[15]_M_temp_readvalue[15]_div_2/Mcompar_o<11>_lut<2>
      LUTL
   testhard/M_a_readvalue[15]_M_temp_readvalue[15]_div_2/Mcompar_o<11>_lutdi1
      LUTL
   testhard/M_a_readvalue[15]_M_temp_readvalue[15]_div_2/Mcompar_o<11>_lut<1>
      LUTL
   testhard/M_a_readvalue[15]_M_temp_readvalue[15]_div_2/Mcompar_o<11>_lutdi
      LUTL
   testhard/M_a_readvalue[15]_M_temp_readvalue[15]_div_2/Mcompar_o<11>_lut<0>
      LUTL
   testhard/M_a_readvalue[15]_M_temp_readvalue[15]_div_2/M_testhard_motherpos[0]
   _20.A5LUT
      LUTL
   testhard/M_a_readvalue[15]_M_temp_readvalue[15]_div_2/Mcompar_o<11>_lut<4>
   9. Placer RPM "carry chain" (size: 10)
      LUTL
   testhard/M_a_readvalue[15]_M_temp_readvalue[15]_div_2/M_testhard_motherpos[0]
   _10.D5LUT
      LUTL
   testhard/M_a_readvalue[15]_M_temp_readvalue[15]_div_2/Mcompar_o<12>_lut<3>
      LUTL
   testhard/M_a_readvalue[15]_M_temp_readvalue[15]_div_2/M_testhard_motherpos[0]
   _9.C5LUT
      LUTL
   testhard/M_a_readvalue[15]_M_temp_readvalue[15]_div_2/Mcompar_o<12>_lut<2>
      LUTL
   testhard/M_a_readvalue[15]_M_temp_readvalue[15]_div_2/M_testhard_motherpos[0]
   _8.B5LUT
      LUTL
   testhard/M_a_readvalue[15]_M_temp_readvalue[15]_div_2/Mcompar_o<12>_lut<1>1
      LUTL
   testhard/M_a_readvalue[15]_M_temp_readvalue[15]_div_2/M_testhard_motherpos[0]
   _7.A5LUT
      LUTL
   testhard/M_a_readvalue[15]_M_temp_readvalue[15]_div_2/Mcompar_o<12>_lut<0>1
      LUTL
   testhard/M_a_readvalue[15]_M_temp_readvalue[15]_div_2/M_testhard_motherpos[0]
   _11.A5LUT
      LUTL
   testhard/M_a_readvalue[15]_M_temp_readvalue[15]_div_2/Mcompar_o<12>_lut<4>_IN
   V_0
   10. Placer RPM "carry chain" (size: 10)
       LUTL alu/division/a[15]_b[15]_div_14/M_testhard_motherpos[0]_2.D5LUT
       LUTL alu/division/a[15]_b[15]_div_14/Mcompar_o<10>_lut<3>
       LUTL alu/division/a[15]_b[15]_div_14/Mcompar_o<10>_lutdi2
       LUTL alu/division/a[15]_b[15]_div_14/Mcompar_o<10>_lut<2>
       LUTL alu/division/a[15]_b[15]_div_14/Mcompar_o<10>_lutdi1
       LUTL alu/division/a[15]_b[15]_div_14/Mcompar_o<10>_lut<1>
       LUTL alu/division/a[15]_b[15]_div_14/Mcompar_o<10>_lutdi
       LUTL alu/division/a[15]_b[15]_div_14/Mcompar_o<10>_lut<0>
       LUTL alu/division/a[15]_b[15]_div_14/M_testhard_motherpos[0]_3.A5LUT
       LUTL alu/division/a[15]_b[15]_div_14/Mcompar_o<10>_lut<4>
   11. Placer RPM "carry chain" (size: 12)
       LUTL
   testhard/M_b_readvalue[15]_M_c_readvalue[15]_div_1/Mcompar_o<12>_cy[3]
       LUTL
   testhard/M_b_readvalue[15]_M_c_readvalue[15]_div_1/Mcompar_o<10>_lut[3]_15.D6
   LUT
       LUTL
   testhard/M_b_readvalue[15]_M_c_readvalue[15]_div_1/Mcompar_o<12>_cy[3]
       LUTL
   testhard/M_b_readvalue[15]_M_c_readvalue[15]_div_1/Mcompar_o<10>_lut[3]_14.C6
   LUT
       LUTL
   testhard/M_b_readvalue[15]_M_c_readvalue[15]_div_1/M_testhard_motherpos[0]_9.
   B5LUT
       LUTL
   testhard/M_b_readvalue[15]_M_c_readvalue[15]_div_1/Mcompar_o<12>_lut<1>1
       LUTL
   testhard/M_b_readvalue[15]_M_c_readvalue[15]_div_1/M_testhard_motherpos[0]_8.
   A5LUT
       LUTL
   testhard/M_b_readvalue[15]_M_c_readvalue[15]_div_1/Mcompar_o<12>_lut<0>1
       LUTL
   testhard/M_b_readvalue[15]_M_c_readvalue[15]_div_1/M_testhard_motherpos[0]_18
   .B5LUT
       LUTL M_reg_q_0_23_rt.1
       LUTL
   testhard/M_b_readvalue[15]_M_c_readvalue[15]_div_1/a[12]_GND_14_o_MUX_460_o
       LUTL
   testhard/M_b_readvalue[15]_M_c_readvalue[15]_div_1/Mcompar_o<10>_lut[3]_16.A6
   LUT
   12. Placer RPM "carry chain" (size: 10)
       LUTL alu/division/a[15]_b[15]_div_14/M_testhard_motherpos[0]_11.D5LUT
       LUTL alu/division/a[15]_b[15]_div_14/Mcompar_o<11>_lut<3>
       LUTL alu/division/a[15]_b[15]_div_14/Mcompar_o<11>_lutdi2
       LUTL alu/division/a[15]_b[15]_div_14/Mcompar_o<11>_lut<2>
       LUTL alu/division/a[15]_b[15]_div_14/Mcompar_o<11>_lutdi1
       LUTL alu/division/a[15]_b[15]_div_14/Mcompar_o<11>_lut<1>
       LUTL alu/division/a[15]_b[15]_div_14/Mcompar_o<11>_lutdi
       LUTL alu/division/a[15]_b[15]_div_14/Mcompar_o<11>_lut<0>
       LUTL alu/division/a[15]_b[15]_div_14/M_testhard_motherpos[0]_12.A5LUT
       LUTL alu/division/a[15]_b[15]_div_14/Mcompar_o<11>_lut<4>
   13. Placer RPM "carry chain" (size: 10)
       LUTL alu/division/a[15]_b[15]_div_14/M_testhard_motherpos[0]_6.D5LUT
       LUTL alu/division/a[15]_b[15]_div_14/Mcompar_o<12>_lut<3>
       LUTL alu/division/a[15]_b[15]_div_14/M_testhard_motherpos[0]_5.C5LUT
       LUTL alu/division/a[15]_b[15]_div_14/Mcompar_o<12>_lut<2>
       LUTL alu/division/a[15]_b[15]_div_14/Mcompar_o<12>_lutdi1
       LUTL alu/division/a[15]_b[15]_div_14/Mcompar_o<12>_lut<1>
       LUTL alu/division/a[15]_b[15]_div_14/Mcompar_o<12>_lutdi
       LUTL alu/division/a[15]_b[15]_div_14/Mcompar_o<12>_lut<0>
       LUTL alu/a[15]_b[15]_div_14_OUT[12]
       LUTL alu/division/a[15]_b[15]_div_14/Mcompar_o<12>_lut<4>
   14.
   testsimple/M_a_readvalue[15]_M_b_readvalue[15]_div_1/a[12]_GND_14_o_MUX_796_o
   (size: 4)
       LUT
   testsimple/M_a_readvalue[15]_M_b_readvalue[15]_div_1/a[12]_GND_14_o_MUX_796_o
       LUT
   testsimple/M_a_readvalue[15]_M_b_readvalue[15]_div_1/Mmux_a[0]_GND_14_o_MUX_8
   08_o131
       LUT
   testsimple/M_a_readvalue[15]_M_b_readvalue[15]_div_1/a[12]_GND_14_o_MUX_796_o
       LUT
   testsimple/M_a_readvalue[15]_M_b_readvalue[15]_div_1/Mmux_a[0]_GND_14_o_MUX_8
   48_o131
   15.
   simplemode/M_a_readvalue[15]_M_b_readvalue[15]_div_1/a[12]_GND_14_o_MUX_796_o
   (size: 4)
       LUT
   simplemode/M_a_readvalue[15]_M_b_readvalue[15]_div_1/a[12]_GND_14_o_MUX_796_o
       LUT
   simplemode/M_a_readvalue[15]_M_b_readvalue[15]_div_1/Mmux_a[0]_GND_14_o_MUX_8
   08_o131
       LUT
   simplemode/M_a_readvalue[15]_M_b_readvalue[15]_div_1/a[12]_GND_14_o_MUX_796_o
       LUT
   simplemode/M_a_readvalue[15]_M_b_readvalue[15]_div_1/Mmux_a[0]_GND_14_o_MUX_8
   48_o131
   16.
   simplemode/M_a_readvalue[15]_M_b_readvalue[15]_div_1/a[14]_GND_14_o_MUX_794_o
   (size: 4)
       LUT
   simplemode/M_a_readvalue[15]_M_b_readvalue[15]_div_1/a[14]_GND_14_o_MUX_794_o
       LUT
   simplemode/M_a_readvalue[15]_M_b_readvalue[15]_div_1/Mmux_a[0]_GND_14_o_MUX_8
   08_o151
       LUT
   simplemode/M_a_readvalue[15]_M_b_readvalue[15]_div_1/a[14]_GND_14_o_MUX_794_o
       LUT
   simplemode/M_a_readvalue[15]_M_b_readvalue[15]_div_1/Mmux_a[0]_GND_14_o_MUX_8
   86_o151
   17.
   hardmode/M_b_readvalue[15]_M_c_readvalue[15]_div_2/a[13]_GND_14_o_MUX_753_o
   (size: 4)
       LUT
   hardmode/M_b_readvalue[15]_M_c_readvalue[15]_div_2/a[13]_GND_14_o_MUX_753_o
       LUT
   hardmode/M_b_readvalue[15]_M_c_readvalue[15]_div_2/Mmux_a[0]_GND_14_o_MUX_766
   _o141
       LUT
   hardmode/M_b_readvalue[15]_M_c_readvalue[15]_div_2/a[13]_GND_14_o_MUX_753_o
       LUT
   hardmode/M_b_readvalue[15]_M_c_readvalue[15]_div_2/Mmux_a[0]_GND_14_o_MUX_676
   _o141
   18. Mmux_M_seven_seg_b_char1 (size: 4)
       LUT Mmux_M_seven_seg_b_char1
       LUT Mmux_M_seven_seg_b_char11
       LUT Mmux_M_seven_seg_b_char1
       LUT Mmux_M_seven_seg_b_char12
   19. Mmux_M_seven_seg_b_char12 (size: 4)
       LUT Mmux_M_seven_seg_b_char12
       LUT Mmux_M_seven_seg_b_char13
       LUT Mmux_M_seven_seg_b_char12
       LUT Mmux_M_seven_seg_b_char16
   20.
   testsimple/M_a_readvalue[15]_M_b_readvalue[15]_div_1/a[11]_GND_14_o_MUX_837_o
   (size: 4)
       LUT
   testsimple/M_a_readvalue[15]_M_b_readvalue[15]_div_1/a[11]_GND_14_o_MUX_837_o
       LUT
   testsimple/M_a_readvalue[15]_M_b_readvalue[15]_div_1/Mmux_a[0]_GND_14_o_MUX_8
   48_o121
       LUT
   testsimple/M_a_readvalue[15]_M_b_readvalue[15]_div_1/a[11]_GND_14_o_MUX_837_o
       LUT
   testsimple/M_a_readvalue[15]_M_b_readvalue[15]_div_1/Mmux_a[0]_GND_14_o_MUX_8
   86_o121
   21. alu/division/a[15]_b[15]_div_13/a[11]_GND_14_o_MUX_837_o (size: 4)
       LUT alu/division/a[15]_b[15]_div_13/a[11]_GND_14_o_MUX_837_o
       LUT alu/division/a[15]_b[15]_div_13/Mmux_a[0]_GND_14_o_MUX_848_o121
       LUT alu/division/a[15]_b[15]_div_13/a[11]_GND_14_o_MUX_837_o
       LUT alu/division/a[15]_b[15]_div_13/Mmux_a[0]_GND_14_o_MUX_922_o121
   22. alu/division/a[15]_b[15]_div_14/a[15]_GND_14_o_MUX_871_o (size: 4)
       LUT alu/division/a[15]_b[15]_div_14/a[15]_GND_14_o_MUX_871_o
       LUT alu/division/a[15]_b[15]_div_14/Mmux_a[0]_GND_14_o_MUX_886_o161
       LUT alu/division/a[15]_b[15]_div_14/a[15]_GND_14_o_MUX_871_o
       LUT alu/division/a[15]_b[15]_div_14/Mmux_n095071
   23.
   hardmode/M_temp_readvalue[15]_M_c_readvalue[15]_div_3/a[8]_GND_14_o_MUX_800_o
   (size: 4)
       LUT
   hardmode/M_temp_readvalue[15]_M_c_readvalue[15]_div_3/a[8]_GND_14_o_MUX_800_o
       LUT
   hardmode/M_temp_readvalue[15]_M_c_readvalue[15]_div_3/Mmux_a[0]_GND_14_o_MUX_
   808_o1141
       LUT
   hardmode/M_temp_readvalue[15]_M_c_readvalue[15]_div_3/a[8]_GND_14_o_MUX_800_o
       LUT
   hardmode/M_temp_readvalue[15]_M_c_readvalue[15]_div_3/Mmux_a[0]_GND_14_o_MUX_
   722_o1141
   24. testsimple/M_billy_pos[15]_PWR_21_o_div_4_OUT<2>1514 (size: 4)
       LUT testsimple/M_billy_pos[15]_PWR_21_o_div_4_OUT<2>1514
       LUT testsimple/M_billy_pos[15]_PWR_21_o_div_4_OUT<2>15141
       LUT testsimple/M_billy_pos[15]_PWR_21_o_div_4_OUT<2>1514
       LUT testsimple/M_billy_pos[15]_PWR_21_o_div_4_OUT<5>1
   25. alu/division/a[15]_b[15]_div_13/a[5]_GND_14_o_MUX_917_o (size: 4)
       LUT alu/division/a[15]_b[15]_div_13/a[5]_GND_14_o_MUX_917_o
       LUT alu/division/a[15]_b[15]_div_13/Mmux_a[0]_GND_14_o_MUX_922_o1111
       LUT alu/division/a[15]_b[15]_div_13/a[5]_GND_14_o_MUX_917_o
       LUT alu/division/a[15]_b[15]_div_13/Mmux_a[0]_GND_14_o_MUX_848_o1111
   26.
   simplemode/M_a_readvalue[15]_M_b_readvalue[15]_div_1/a[5]_GND_14_o_MUX_917_o
   (size: 4)
       LUT
   simplemode/M_a_readvalue[15]_M_b_readvalue[15]_div_1/a[5]_GND_14_o_MUX_917_o
       LUT
   simplemode/M_a_readvalue[15]_M_b_readvalue[15]_div_1/Mmux_a[0]_GND_14_o_MUX_9
   22_o1111
       LUT
   simplemode/M_a_readvalue[15]_M_b_readvalue[15]_div_1/a[5]_GND_14_o_MUX_917_o
       LUT
   simplemode/M_a_readvalue[15]_M_b_readvalue[15]_div_1/Mmux_a[0]_GND_14_o_MUX_8
   48_o1111
   27.
   simplemode/M_a_readvalue[15]_M_b_readvalue[15]_div_1/a[6]_GND_14_o_MUX_916_o
   (size: 4)
       LUT
   simplemode/M_a_readvalue[15]_M_b_readvalue[15]_div_1/a[6]_GND_14_o_MUX_916_o
       LUT
   simplemode/M_a_readvalue[15]_M_b_readvalue[15]_div_1/Mmux_a[0]_GND_14_o_MUX_9
   22_o1121
       LUT
   simplemode/M_a_readvalue[15]_M_b_readvalue[15]_div_1/a[6]_GND_14_o_MUX_916_o
       LUT
   simplemode/M_a_readvalue[15]_M_b_readvalue[15]_div_1/Mmux_a[0]_GND_14_o_MUX_8
   48_o1121
   28. alu/division/a[15]_b[15]_div_14/a[4]_GND_14_o_MUX_882_o (size: 4)
       LUT alu/division/a[15]_b[15]_div_14/a[4]_GND_14_o_MUX_882_o
       LUT alu/division/a[15]_b[15]_div_14/Mmux_a[0]_GND_14_o_MUX_886_o1101
       LUT alu/division/a[15]_b[15]_div_14/a[4]_GND_14_o_MUX_882_o
       LUT alu/division/a[15]_b[15]_div_14/Mmux_n0950111
   29. _n0255 (size: 4)
       LUT _n0255
       LUT simplemode/_n0255<3>1
       LUT _n0255
       LUT Mmux_M_alu_a113
   30. testsimple/n0751[3] (size: 4)
       LUT testsimple/n0751[3]
       LUT testsimple/M_billy_pos[15]_PWR_21_o_div_4/Mmux_n0751101
       LUT testsimple/n0751[3]
       LUT testsimple/M_billy_pos[15]_PWR_21_o_div_4_OUT<3>26
   31. testhard/M_timer_q[29]_GND_22_o_equal_115_o<29>4 (size: 4)
       LUT testhard/M_timer_q[29]_GND_22_o_equal_115_o<29>4
       LUT testhard/M_timer_q[29]_GND_22_o_equal_115_o<29>5
       LUT testhard/M_timer_q[29]_GND_22_o_equal_115_o<29>4
       LUT testhard/M_timer_q[29]_GND_22_o_equal_115_o<29>6
   32. testsimple/M_billy_pos[15]_PWR_21_o_div_4_OUT[10] (size: 4)
       LUT testsimple/M_billy_pos[15]_PWR_21_o_div_4_OUT[10]
       LUT
   testsimple/M_billy_pos[15]_PWR_21_o_div_4/Madd_a[15]_GND_20_o_add_13_OUT_cy<1
   4>1
       LUT testsimple/M_billy_pos[15]_PWR_21_o_div_4_OUT[10]
       LUT
   testsimple/M_billy_pos[15]_PWR_21_o_div_4/Mmux_a[0]_a[15]_MUX_1176_o141
   33. testsimple/a[15]_a[15]_MUX_1257_o (size: 4)
       LUT testsimple/a[15]_a[15]_MUX_1257_o
       LUT
   testsimple/M_billy_pos[15]_PWR_21_o_div_4/Mmux_a[0]_a[15]_MUX_1272_o161
       LUT testsimple/a[15]_a[15]_MUX_1257_o
       LUT testsimple/M_billy_pos[15]_PWR_21_o_div_4_OUT<4>1
ERROR:Place:120 - There were not enough sites to place all selected components.
   Some of these failures can be circumvented by using an alternate algorithm
   (though it may take longer run time). If you would like to enable this
   algorithm please set the environment variable XIL_PAR_ENABLE_LEGALIZER to 1
   and try again 


Phase 11.9  Local Placement Optimization (Checksum:d039d539) REAL time: 1 mins 35 secs 

Total REAL time to Placer completion: 1 mins 35 secs 
Total CPU  time to Placer completion: 1 mins 46 secs 
ERROR:Pack:1654 - The timing-driven placement phase encountered an error.

Mapping completed.
See MAP report file "mojo_top_0.mrp" for details.
Problem encountered during the packing phase.

Design Summary
--------------
Number of errors   :   5
Number of warnings :   6

*** Running par
    with args -intstyle pa "mojo_top_0.ncd" -w "mojo_top_0_routed.ncd" -mt on



ERROR:Par:73 - Cannot find Input file "mojo_top_0.ncd".  Please verify that your paths and permissions are properly set
   for this file. 
